{"api":"NODE SERVER","label":"Uygulama V1","level":"\u001b[32minfo\u001b[39m","message":"Connected to MongoDB","timestamp":"2025-07-04T07:42:19.979Z"}
{"api":"NODE SERVER","label":"Uygulama V1","level":"\u001b[32minfo\u001b[39m","message":"IP Adresi : ::1 - PATH : /api/v1/title/create - BODY : [object Object] - PARAMS : {} - QUERY : {} - MIDDLEWARE ACCESS TIME : function now() { [native code] } - URL : /api/v1/title/create","timestamp":"2025-07-04T07:46:57.836Z"}
{"api":"NODE SERVER","label":"Uygulama V1","level":"\u001b[31merror\u001b[39m","message":"IP Adresi : ::1 - PATH : /create - BODY : {\"name\":\"Mühendis\"} - PARAMS : {} - QUERY : {} - ERROR TİME : 1751615217850 - URL : /create - ERROR MESSAGE : ValidationError: persons: Cast to ObjectId failed for value \"[]\" (type Array) at path \"persons\" because of \"BSONError\" - ERROR CALLSTACK : {}- CUSTOM-INFO : undefined","timestamp":"2025-07-04T07:46:57.850Z"}
{"api":"NODE SERVER","label":"Uygulama V1","level":"\u001b[32minfo\u001b[39m","message":"Connected to MongoDB","timestamp":"2025-07-04T07:49:05.909Z"}
{"api":"NODE SERVER","label":"Uygulama V1","level":"\u001b[32minfo\u001b[39m","message":"IP Adresi : ::1 - PATH : /api/v1/title/create - BODY : [object Object] - PARAMS : {} - QUERY : {} - MIDDLEWARE ACCESS TIME : function now() { [native code] } - URL : /api/v1/title/create","timestamp":"2025-07-04T07:49:36.382Z"}
{"api":"NODE SERVER","label":"Uygulama V1","level":"\u001b[32minfo\u001b[39m","message":"Connected to MongoDB","timestamp":"2025-07-04T07:50:16.544Z"}
{"api":"NODE SERVER","label":"Uygulama V1","level":"\u001b[32minfo\u001b[39m","message":"Connected to MongoDB","timestamp":"2025-07-04T07:50:23.866Z"}
{"api":"NODE SERVER","label":"Uygulama V1","level":"\u001b[32minfo\u001b[39m","message":"Connected to MongoDB","timestamp":"2025-07-04T07:51:12.997Z"}
{"api":"NODE SERVER","label":"Uygulama V1","level":"\u001b[32minfo\u001b[39m","message":"Connected to MongoDB","timestamp":"2025-07-04T07:51:53.560Z"}
{"api":"NODE SERVER","label":"Uygulama V1","level":"\u001b[32minfo\u001b[39m","message":"Connected to MongoDB","timestamp":"2025-07-04T07:52:12.961Z"}
{"api":"NODE SERVER","label":"Uygulama V1","level":"\u001b[32minfo\u001b[39m","message":"Connected to MongoDB","timestamp":"2025-07-04T07:52:20.268Z"}
{"api":"NODE SERVER","label":"Uygulama V1","level":"\u001b[32minfo\u001b[39m","message":"Connected to MongoDB","timestamp":"2025-07-04T07:52:40.168Z"}
{"api":"NODE SERVER","label":"Uygulama V1","level":"\u001b[32minfo\u001b[39m","message":"Connected to MongoDB","timestamp":"2025-07-04T07:53:02.650Z"}
{"api":"NODE SERVER","label":"Uygulama V1","level":"\u001b[32minfo\u001b[39m","message":"Connected to MongoDB","timestamp":"2025-07-04T07:53:25.283Z"}
{"api":"NODE SERVER","label":"Uygulama V1","level":"\u001b[32minfo\u001b[39m","message":"Connected to MongoDB","timestamp":"2025-07-04T07:53:29.673Z"}
{"api":"NODE SERVER","label":"Uygulama V1","level":"\u001b[32minfo\u001b[39m","message":"Connected to MongoDB","timestamp":"2025-07-04T07:53:48.759Z"}
{"api":"NODE SERVER","label":"Uygulama V1","level":"\u001b[32minfo\u001b[39m","message":"Connected to MongoDB","timestamp":"2025-07-04T07:53:54.832Z"}
{"api":"NODE SERVER","label":"Uygulama V1","level":"\u001b[32minfo\u001b[39m","message":"Connected to MongoDB","timestamp":"2025-07-04T07:54:11.223Z"}
{"api":"NODE SERVER","label":"Uygulama V1","level":"\u001b[32minfo\u001b[39m","message":"IP Adresi : ::1 - PATH : /api/v1/title/all - BODY : [object Object] - PARAMS : {} - QUERY : {} - MIDDLEWARE ACCESS TIME : function now() { [native code] } - URL : /api/v1/title/all","timestamp":"2025-07-04T07:55:08.091Z"}
{"api":"NODE SERVER","label":"Uygulama V1","level":"\u001b[31merror\u001b[39m","message":"IP Adresi : ::1 - PATH : /all - BODY : {\"name\":\"Mühendis\"} - PARAMS : {} - QUERY : {} - ERROR TİME : 1751615708092 - URL : /all - ERROR MESSAGE : titleService.title.listCompany is not a function - ERROR CALLSTACK : {}- CUSTOM-INFO : undefined","timestamp":"2025-07-04T07:55:08.092Z"}
{"api":"NODE SERVER","label":"Uygulama V1","level":"\u001b[32minfo\u001b[39m","message":"Connected to MongoDB","timestamp":"2025-07-04T07:55:31.399Z"}
{"api":"NODE SERVER","label":"Uygulama V1","level":"\u001b[32minfo\u001b[39m","message":"Connected to MongoDB","timestamp":"2025-07-04T07:55:39.570Z"}
{"api":"NODE SERVER","label":"Uygulama V1","level":"\u001b[32minfo\u001b[39m","message":"IP Adresi : ::1 - PATH : /api/v1/title/all - BODY : [object Object] - PARAMS : {} - QUERY : {} - MIDDLEWARE ACCESS TIME : function now() { [native code] } - URL : /api/v1/title/all","timestamp":"2025-07-04T07:55:43.110Z"}
{"api":"NODE SERVER","label":"Uygulama V1","level":"\u001b[32minfo\u001b[39m","message":"Connected to MongoDB","timestamp":"2025-07-04T08:00:50.210Z"}
{"api":"NODE SERVER","label":"Uygulama V1","level":"\u001b[32minfo\u001b[39m","message":"Connected to MongoDB","timestamp":"2025-07-04T08:01:43.568Z"}
{"api":"NODE SERVER","label":"Uygulama V1","level":"\u001b[32minfo\u001b[39m","message":"Connected to MongoDB","timestamp":"2025-07-04T08:01:50.256Z"}
{"api":"NODE SERVER","label":"Uygulama V1","level":"\u001b[32minfo\u001b[39m","message":"Connected to MongoDB","timestamp":"2025-07-04T08:02:04.146Z"}
{"api":"NODE SERVER","label":"Uygulama V1","level":"\u001b[32minfo\u001b[39m","message":"Connected to MongoDB","timestamp":"2025-07-04T08:02:24.606Z"}
{"api":"NODE SERVER","label":"Uygulama V1","level":"\u001b[32minfo\u001b[39m","message":"Connected to MongoDB","timestamp":"2025-07-04T08:02:52.017Z"}
{"api":"NODE SERVER","label":"Uygulama V1","level":"\u001b[32minfo\u001b[39m","message":"Connected to MongoDB","timestamp":"2025-07-04T08:02:58.804Z"}
{"api":"NODE SERVER","label":"Uygulama V1","level":"\u001b[32minfo\u001b[39m","message":"Connected to MongoDB","timestamp":"2025-07-04T08:03:05.321Z"}
{"api":"NODE SERVER","label":"Uygulama V1","level":"\u001b[32minfo\u001b[39m","message":"Connected to MongoDB","timestamp":"2025-07-04T08:03:50.091Z"}
{"api":"NODE SERVER","label":"Uygulama V1","level":"\u001b[32minfo\u001b[39m","message":"Connected to MongoDB","timestamp":"2025-07-04T08:04:12.545Z"}
{"api":"NODE SERVER","label":"Uygulama V1","level":"\u001b[32minfo\u001b[39m","message":"Connected to MongoDB","timestamp":"2025-07-04T08:04:47.109Z"}
{"api":"NODE SERVER","label":"Uygulama V1","level":"\u001b[32minfo\u001b[39m","message":"IP Adresi : ::1 - PATH : /api/v1/title/getById/686787900d93192875c035b9 - BODY : [object Object] - PARAMS : {} - QUERY : {} - MIDDLEWARE ACCESS TIME : function now() { [native code] } - URL : /api/v1/title/getById/686787900d93192875c035b9","timestamp":"2025-07-04T08:05:40.338Z"}
{"api":"NODE SERVER","label":"Uygulama V1","level":"\u001b[32minfo\u001b[39m","message":"Connected to MongoDB","timestamp":"2025-07-04T08:09:32.595Z"}
{"api":"NODE SERVER","label":"Uygulama V1","level":"\u001b[32minfo\u001b[39m","message":"IP Adresi : ::1 - PATH : /api/v1/title/getById/686787900d93192875c035b9 - BODY : [object Object] - PARAMS : {} - QUERY : {} - MIDDLEWARE ACCESS TIME : function now() { [native code] } - URL : /api/v1/title/getById/686787900d93192875c035b9","timestamp":"2025-07-04T08:09:35.580Z"}
{"api":"NODE SERVER","label":"Uygulama V1","level":"\u001b[32minfo\u001b[39m","message":"IP Adresi : ::1 - PATH : /api/v1/title/getById/686787900d93192875c035b9 - BODY : [object Object] - PARAMS : {} - QUERY : {} - MIDDLEWARE ACCESS TIME : function now() { [native code] } - URL : /api/v1/title/getById/686787900d93192875c035b9","timestamp":"2025-07-04T08:09:43.651Z"}
{"api":"NODE SERVER","label":"Uygulama V1","level":"\u001b[32minfo\u001b[39m","message":"IP Adresi : ::1 - PATH : /api/v1/title/getById/686787900d93192875c035b9 - BODY : [object Object] - PARAMS : {} - QUERY : {} - MIDDLEWARE ACCESS TIME : function now() { [native code] } - URL : /api/v1/title/getById/686787900d93192875c035b9","timestamp":"2025-07-04T08:10:20.106Z"}
{"api":"NODE SERVER","label":"Uygulama V1","level":"\u001b[32minfo\u001b[39m","message":"IP Adresi : ::1 - PATH : /api/v1/title/getById/686787900d93192875c035b9 - BODY : [object Object] - PARAMS : {} - QUERY : {} - MIDDLEWARE ACCESS TIME : function now() { [native code] } - URL : /api/v1/title/getById/686787900d93192875c035b9","timestamp":"2025-07-04T08:11:00.160Z"}
{"api":"NODE SERVER","label":"Uygulama V1","level":"\u001b[32minfo\u001b[39m","message":"IP Adresi : ::1 - PATH : /api/v1/title/all - BODY : [object Object] - PARAMS : {} - QUERY : {} - MIDDLEWARE ACCESS TIME : function now() { [native code] } - URL : /api/v1/title/all","timestamp":"2025-07-04T08:11:06.180Z"}
{"api":"NODE SERVER","label":"Uygulama V1","level":"\u001b[32minfo\u001b[39m","message":"IP Adresi : ::1 - PATH : /api/v1/title/getById/ - BODY : [object Object] - PARAMS : {} - QUERY : {} - MIDDLEWARE ACCESS TIME : function now() { [native code] } - URL : /api/v1/title/getById/","timestamp":"2025-07-04T08:11:34.937Z"}
{"api":"NODE SERVER","label":"Uygulama V1","level":"\u001b[32minfo\u001b[39m","message":"IP Adresi : ::1 - PATH : /api/v1/title/getById/686787900d93192875c035b9 - BODY : [object Object] - PARAMS : {} - QUERY : {} - MIDDLEWARE ACCESS TIME : function now() { [native code] } - URL : /api/v1/title/getById/686787900d93192875c035b9","timestamp":"2025-07-04T08:11:42.870Z"}
{"api":"NODE SERVER","label":"Uygulama V1","level":"\u001b[32minfo\u001b[39m","message":"Connected to MongoDB","timestamp":"2025-07-04T08:12:06.169Z"}
{"api":"NODE SERVER","label":"Uygulama V1","level":"\u001b[32minfo\u001b[39m","message":"IP Adresi : ::1 - PATH : /api/v1/title/getById/686787900d93192875c035b9 - BODY : [object Object] - PARAMS : {} - QUERY : {} - MIDDLEWARE ACCESS TIME : function now() { [native code] } - URL : /api/v1/title/getById/686787900d93192875c035b9","timestamp":"2025-07-04T08:12:08.564Z"}
{"api":"NODE SERVER","label":"Uygulama V1","level":"\u001b[31merror\u001b[39m","message":"IP Adresi : ::1 - PATH : /getById/686787900d93192875c035b9 - BODY : {\"name\":\"Mühendis\"} - PARAMS : {\"id\":\"686787900d93192875c035b9\"} - QUERY : {} - ERROR TİME : 1751616728580 - URL : /getById/686787900d93192875c035b9 - ERROR MESSAGE : ReferenceError: companyDto is not defined - ERROR CALLSTACK : {}- CUSTOM-INFO : undefined","timestamp":"2025-07-04T08:12:08.580Z"}
{"api":"NODE SERVER","label":"Uygulama V1","level":"\u001b[32minfo\u001b[39m","message":"Connected to MongoDB","timestamp":"2025-07-04T08:12:44.436Z"}
{"api":"NODE SERVER","label":"Uygulama V1","level":"\u001b[32minfo\u001b[39m","message":"Connected to MongoDB","timestamp":"2025-07-04T08:12:46.916Z"}
{"api":"NODE SERVER","label":"Uygulama V1","level":"\u001b[32minfo\u001b[39m","message":"IP Adresi : ::1 - PATH : /api/v1/title/getById/686787900d93192875c035b9 - BODY : [object Object] - PARAMS : {} - QUERY : {} - MIDDLEWARE ACCESS TIME : function now() { [native code] } - URL : /api/v1/title/getById/686787900d93192875c035b9","timestamp":"2025-07-04T08:12:48.279Z"}
{"api":"NODE SERVER","label":"Uygulama V1","level":"\u001b[31merror\u001b[39m","message":"IP Adresi : ::1 - PATH : /getById/686787900d93192875c035b9 - BODY : {\"name\":\"Mühendis\"} - PARAMS : {\"id\":\"686787900d93192875c035b9\"} - QUERY : {} - ERROR TİME : 1751616768295 - URL : /getById/686787900d93192875c035b9 - ERROR MESSAGE : ReferenceError: titleDtoDto is not defined - ERROR CALLSTACK : {}- CUSTOM-INFO : undefined","timestamp":"2025-07-04T08:12:48.295Z"}
{"api":"NODE SERVER","label":"Uygulama V1","level":"\u001b[32minfo\u001b[39m","message":"Connected to MongoDB","timestamp":"2025-07-04T08:12:57.711Z"}
{"api":"NODE SERVER","label":"Uygulama V1","level":"\u001b[32minfo\u001b[39m","message":"IP Adresi : ::1 - PATH : /api/v1/title/getById/686787900d93192875c035b9 - BODY : [object Object] - PARAMS : {} - QUERY : {} - MIDDLEWARE ACCESS TIME : function now() { [native code] } - URL : /api/v1/title/getById/686787900d93192875c035b9","timestamp":"2025-07-04T08:12:58.302Z"}
{"api":"NODE SERVER","label":"Uygulama V1","level":"\u001b[32minfo\u001b[39m","message":"Connected to MongoDB","timestamp":"2025-07-04T08:13:19.115Z"}
{"api":"NODE SERVER","label":"Uygulama V1","level":"\u001b[32minfo\u001b[39m","message":"IP Adresi : ::1 - PATH : /api/v1/title/getById/686787900d93192875c035b9 - BODY : [object Object] - PARAMS : {} - QUERY : {} - MIDDLEWARE ACCESS TIME : function now() { [native code] } - URL : /api/v1/title/getById/686787900d93192875c035b9","timestamp":"2025-07-04T08:13:22.576Z"}
{"api":"NODE SERVER","label":"Uygulama V1","level":"\u001b[32minfo\u001b[39m","message":"Connected to MongoDB","timestamp":"2025-07-04T08:14:02.447Z"}
{"api":"NODE SERVER","label":"Uygulama V1","level":"\u001b[32minfo\u001b[39m","message":"IP Adresi : ::1 - PATH : /api/v1/title/getById/686787900d93192875c035b9 - BODY : [object Object] - PARAMS : {} - QUERY : {} - MIDDLEWARE ACCESS TIME : function now() { [native code] } - URL : /api/v1/title/getById/686787900d93192875c035b9","timestamp":"2025-07-04T08:14:26.676Z"}
{"api":"NODE SERVER","label":"Uygulama V1","level":"\u001b[32minfo\u001b[39m","message":"IP Adresi : ::1 - PATH : /api/v1/title/getById/686787900d93192875c035b9 - BODY : [object Object] - PARAMS : {} - QUERY : {} - MIDDLEWARE ACCESS TIME : function now() { [native code] } - URL : /api/v1/title/getById/686787900d93192875c035b9","timestamp":"2025-07-04T08:14:31.540Z"}
{"api":"NODE SERVER","label":"Uygulama V1","level":"\u001b[32minfo\u001b[39m","message":"Connected to MongoDB","timestamp":"2025-07-04T08:16:49.850Z"}
{"api":"NODE SERVER","label":"Uygulama V1","level":"\u001b[32minfo\u001b[39m","message":"IP Adresi : ::1 - PATH : /api/v1/title/getById/686787900d93192875c035b9 - BODY : [object Object] - PARAMS : {} - QUERY : {} - MIDDLEWARE ACCESS TIME : function now() { [native code] } - URL : /api/v1/title/getById/686787900d93192875c035b9","timestamp":"2025-07-04T08:16:50.861Z"}
{"api":"NODE SERVER","label":"Uygulama V1","level":"\u001b[32minfo\u001b[39m","message":"Connected to MongoDB","timestamp":"2025-07-04T08:17:52.998Z"}
{"api":"NODE SERVER","label":"Uygulama V1","level":"\u001b[32minfo\u001b[39m","message":"Connected to MongoDB","timestamp":"2025-07-04T08:18:27.286Z"}
{"api":"NODE SERVER","label":"Uygulama V1","level":"\u001b[32minfo\u001b[39m","message":"Connected to MongoDB","timestamp":"2025-07-04T08:18:47.634Z"}
{"api":"NODE SERVER","label":"Uygulama V1","level":"\u001b[32minfo\u001b[39m","message":"Connected to MongoDB","timestamp":"2025-07-04T08:19:00.371Z"}
{"api":"NODE SERVER","label":"Uygulama V1","level":"\u001b[32minfo\u001b[39m","message":"Connected to MongoDB","timestamp":"2025-07-04T08:23:57.018Z"}
{"api":"NODE SERVER","label":"Uygulama V1","level":"\u001b[32minfo\u001b[39m","message":"Connected to MongoDB","timestamp":"2025-07-04T08:24:37.190Z"}
{"api":"NODE SERVER","label":"Uygulama V1","level":"\u001b[32minfo\u001b[39m","message":"Connected to MongoDB","timestamp":"2025-07-04T08:24:40.567Z"}
{"api":"NODE SERVER","label":"Uygulama V1","level":"\u001b[32minfo\u001b[39m","message":"Connected to MongoDB","timestamp":"2025-07-04T08:24:44.577Z"}
{"api":"NODE SERVER","label":"Uygulama V1","level":"\u001b[32minfo\u001b[39m","message":"Connected to MongoDB","timestamp":"2025-07-04T08:24:51.770Z"}
{"api":"NODE SERVER","label":"Uygulama V1","level":"\u001b[32minfo\u001b[39m","message":"IP Adresi : ::1 - PATH : /api/v1/title/getById/686787900d93192875c035b9 - BODY : [object Object] - PARAMS : {} - QUERY : {} - MIDDLEWARE ACCESS TIME : function now() { [native code] } - URL : /api/v1/title/getById/686787900d93192875c035b9","timestamp":"2025-07-04T08:25:18.545Z"}
{"api":"NODE SERVER","label":"Uygulama V1","level":"\u001b[32minfo\u001b[39m","message":"IP Adresi : ::1 - PATH : /api/v1/title/update/686787900d93192875c035b9 - BODY : [object Object] - PARAMS : {} - QUERY : {} - MIDDLEWARE ACCESS TIME : function now() { [native code] } - URL : /api/v1/title/update/686787900d93192875c035b9","timestamp":"2025-07-04T08:25:46.449Z"}
{"api":"NODE SERVER","label":"Uygulama V1","level":"\u001b[32minfo\u001b[39m","message":"IP Adresi : ::1 - PATH : /api/v1/title/update/686787900d93192875c035b9 - BODY : [object Object] - PARAMS : {} - QUERY : {} - MIDDLEWARE ACCESS TIME : function now() { [native code] } - URL : /api/v1/title/update/686787900d93192875c035b9","timestamp":"2025-07-04T08:26:13.551Z"}
{"api":"NODE SERVER","label":"Uygulama V1","level":"\u001b[32minfo\u001b[39m","message":"Connected to MongoDB","timestamp":"2025-07-04T08:29:52.394Z"}
{"api":"NODE SERVER","label":"Uygulama V1","level":"\u001b[32minfo\u001b[39m","message":"Connected to MongoDB","timestamp":"2025-07-04T08:29:57.677Z"}
{"api":"NODE SERVER","label":"Uygulama V1","level":"\u001b[32minfo\u001b[39m","message":"Connected to MongoDB","timestamp":"2025-07-04T08:30:02.429Z"}
{"api":"NODE SERVER","label":"Uygulama V1","level":"\u001b[32minfo\u001b[39m","message":"Connected to MongoDB","timestamp":"2025-07-04T08:30:17.108Z"}
{"api":"NODE SERVER","label":"Uygulama V1","level":"\u001b[32minfo\u001b[39m","message":"Connected to MongoDB","timestamp":"2025-07-04T08:30:27.341Z"}
{"api":"NODE SERVER","label":"Uygulama V1","level":"\u001b[32minfo\u001b[39m","message":"Connected to MongoDB","timestamp":"2025-07-04T08:30:30.897Z"}
{"api":"NODE SERVER","label":"Uygulama V1","level":"\u001b[32minfo\u001b[39m","message":"Connected to MongoDB","timestamp":"2025-07-04T08:31:02.892Z"}
{"api":"NODE SERVER","label":"Uygulama V1","level":"\u001b[32minfo\u001b[39m","message":"Connected to MongoDB","timestamp":"2025-07-04T08:31:04.703Z"}
{"api":"NODE SERVER","label":"Uygulama V1","level":"\u001b[32minfo\u001b[39m","message":"Connected to MongoDB","timestamp":"2025-07-04T08:31:09.101Z"}
{"api":"NODE SERVER","label":"Uygulama V1","level":"\u001b[32minfo\u001b[39m","message":"Connected to MongoDB","timestamp":"2025-07-04T08:31:16.757Z"}
{"api":"NODE SERVER","label":"Uygulama V1","level":"\u001b[32minfo\u001b[39m","message":"Connected to MongoDB","timestamp":"2025-07-04T08:31:20.928Z"}
{"api":"NODE SERVER","label":"Uygulama V1","level":"\u001b[32minfo\u001b[39m","message":"Connected to MongoDB","timestamp":"2025-07-04T08:31:36.761Z"}
{"api":"NODE SERVER","label":"Uygulama V1","level":"\u001b[32minfo\u001b[39m","message":"Connected to MongoDB","timestamp":"2025-07-04T08:32:03.734Z"}
{"api":"NODE SERVER","label":"Uygulama V1","level":"\u001b[32minfo\u001b[39m","message":"Connected to MongoDB","timestamp":"2025-07-04T08:32:16.401Z"}
{"api":"NODE SERVER","label":"Uygulama V1","level":"\u001b[32minfo\u001b[39m","message":"Connected to MongoDB","timestamp":"2025-07-04T08:32:22.761Z"}
{"api":"NODE SERVER","label":"Uygulama V1","level":"\u001b[32minfo\u001b[39m","message":"Connected to MongoDB","timestamp":"2025-07-04T08:32:29.345Z"}
{"api":"NODE SERVER","label":"Uygulama V1","level":"\u001b[32minfo\u001b[39m","message":"Connected to MongoDB","timestamp":"2025-07-04T08:33:05.845Z"}
{"api":"NODE SERVER","label":"Uygulama V1","level":"\u001b[32minfo\u001b[39m","message":"Connected to MongoDB","timestamp":"2025-07-04T08:33:10.836Z"}
{"api":"NODE SERVER","label":"Uygulama V1","level":"\u001b[32minfo\u001b[39m","message":"Connected to MongoDB","timestamp":"2025-07-04T08:33:14.719Z"}
{"api":"NODE SERVER","label":"Uygulama V1","level":"\u001b[32minfo\u001b[39m","message":"Connected to MongoDB","timestamp":"2025-07-04T08:33:31.428Z"}
{"api":"NODE SERVER","label":"Uygulama V1","level":"\u001b[32minfo\u001b[39m","message":"Connected to MongoDB","timestamp":"2025-07-04T08:33:41.398Z"}
{"api":"NODE SERVER","label":"Uygulama V1","level":"\u001b[32minfo\u001b[39m","message":"Connected to MongoDB","timestamp":"2025-07-04T08:33:45.570Z"}
{"api":"NODE SERVER","label":"Uygulama V1","level":"\u001b[32minfo\u001b[39m","message":"IP Adresi : ::1 - PATH : /api/v1/title/delete/686787900d93192875c035b9 - BODY : [object Object] - PARAMS : {} - QUERY : {} - MIDDLEWARE ACCESS TIME : function now() { [native code] } - URL : /api/v1/title/delete/686787900d93192875c035b9","timestamp":"2025-07-04T08:33:59.656Z"}
{"api":"NODE SERVER","label":"Uygulama V1","level":"\u001b[32minfo\u001b[39m","message":"IP Adresi : ::1 - PATH : /api/v1/title/create - BODY : [object Object] - PARAMS : {} - QUERY : {} - MIDDLEWARE ACCESS TIME : function now() { [native code] } - URL : /api/v1/title/create","timestamp":"2025-07-04T08:34:46.846Z"}
{"api":"NODE SERVER","label":"Uygulama V1","level":"\u001b[32minfo\u001b[39m","message":"IP Adresi : ::1 - PATH : /api/v1/title/create - BODY : [object Object] - PARAMS : {} - QUERY : {} - MIDDLEWARE ACCESS TIME : function now() { [native code] } - URL : /api/v1/title/create","timestamp":"2025-07-04T08:34:54.465Z"}
{"api":"NODE SERVER","label":"Uygulama V1","level":"\u001b[32minfo\u001b[39m","message":"IP Adresi : ::1 - PATH : /api/v1/title/create - BODY : [object Object] - PARAMS : {} - QUERY : {} - MIDDLEWARE ACCESS TIME : function now() { [native code] } - URL : /api/v1/title/create","timestamp":"2025-07-04T08:35:02.891Z"}
{"api":"NODE SERVER","label":"Uygulama V1","level":"\u001b[32minfo\u001b[39m","message":"Connected to MongoDB","timestamp":"2025-07-04T08:38:10.556Z"}
{"api":"NODE SERVER","label":"Uygulama V1","level":"\u001b[32minfo\u001b[39m","message":"Connected to MongoDB","timestamp":"2025-07-04T08:38:14.147Z"}
{"api":"NODE SERVER","label":"Uygulama V1","level":"\u001b[32minfo\u001b[39m","message":"Connected to MongoDB","timestamp":"2025-07-04T08:38:17.825Z"}
{"api":"NODE SERVER","label":"Uygulama V1","level":"\u001b[32minfo\u001b[39m","message":"Connected to MongoDB","timestamp":"2025-07-04T08:38:28.165Z"}
{"api":"NODE SERVER","label":"Uygulama V1","level":"\u001b[32minfo\u001b[39m","message":"Connected to MongoDB","timestamp":"2025-07-04T08:38:48.830Z"}
{"api":"NODE SERVER","label":"Uygulama V1","level":"\u001b[32minfo\u001b[39m","message":"Connected to MongoDB","timestamp":"2025-07-04T08:39:06.012Z"}
{"api":"NODE SERVER","label":"Uygulama V1","level":"\u001b[32minfo\u001b[39m","message":"Connected to MongoDB","timestamp":"2025-07-04T08:39:09.201Z"}
{"api":"NODE SERVER","label":"Uygulama V1","level":"\u001b[32minfo\u001b[39m","message":"Connected to MongoDB","timestamp":"2025-07-04T08:39:39.759Z"}
{"api":"NODE SERVER","label":"Uygulama V1","level":"\u001b[32minfo\u001b[39m","message":"Connected to MongoDB","timestamp":"2025-07-04T08:39:54.937Z"}
{"api":"NODE SERVER","label":"Uygulama V1","level":"\u001b[32minfo\u001b[39m","message":"Connected to MongoDB","timestamp":"2025-07-04T08:40:15.114Z"}
{"api":"NODE SERVER","label":"Uygulama V1","level":"\u001b[32minfo\u001b[39m","message":"Connected to MongoDB","timestamp":"2025-07-04T08:40:36.822Z"}
{"api":"NODE SERVER","label":"Uygulama V1","level":"\u001b[32minfo\u001b[39m","message":"Connected to MongoDB","timestamp":"2025-07-04T08:40:39.897Z"}
{"api":"NODE SERVER","label":"Uygulama V1","level":"\u001b[32minfo\u001b[39m","message":"Connected to MongoDB","timestamp":"2025-07-04T08:40:46.533Z"}
{"api":"NODE SERVER","label":"Uygulama V1","level":"\u001b[32minfo\u001b[39m","message":"Connected to MongoDB","timestamp":"2025-07-04T08:40:57.129Z"}
{"api":"NODE SERVER","label":"Uygulama V1","level":"\u001b[32minfo\u001b[39m","message":"Connected to MongoDB","timestamp":"2025-07-04T08:41:05.375Z"}
{"api":"NODE SERVER","label":"Uygulama V1","level":"\u001b[32minfo\u001b[39m","message":"Connected to MongoDB","timestamp":"2025-07-04T08:41:08.479Z"}
{"api":"NODE SERVER","label":"Uygulama V1","level":"\u001b[32minfo\u001b[39m","message":"Connected to MongoDB","timestamp":"2025-07-04T08:41:15.342Z"}
{"api":"NODE SERVER","label":"Uygulama V1","level":"\u001b[32minfo\u001b[39m","message":"Connected to MongoDB","timestamp":"2025-07-04T08:42:09.294Z"}
{"api":"NODE SERVER","label":"Uygulama V1","level":"\u001b[32minfo\u001b[39m","message":"Connected to MongoDB","timestamp":"2025-07-04T08:42:22.508Z"}
{"api":"NODE SERVER","label":"Uygulama V1","level":"\u001b[32minfo\u001b[39m","message":"Connected to MongoDB","timestamp":"2025-07-04T08:42:54.688Z"}
{"api":"NODE SERVER","label":"Uygulama V1","level":"\u001b[32minfo\u001b[39m","message":"Connected to MongoDB","timestamp":"2025-07-04T08:43:16.468Z"}
{"api":"NODE SERVER","label":"Uygulama V1","level":"\u001b[32minfo\u001b[39m","message":"Connected to MongoDB","timestamp":"2025-07-04T08:43:22.100Z"}
{"api":"NODE SERVER","label":"Uygulama V1","level":"\u001b[32minfo\u001b[39m","message":"Connected to MongoDB","timestamp":"2025-07-04T08:43:27.183Z"}
{"api":"NODE SERVER","label":"Uygulama V1","level":"\u001b[32minfo\u001b[39m","message":"Connected to MongoDB","timestamp":"2025-07-04T08:43:53.118Z"}
{"api":"NODE SERVER","label":"Uygulama V1","level":"\u001b[32minfo\u001b[39m","message":"Connected to MongoDB","timestamp":"2025-07-04T08:44:03.601Z"}
{"api":"NODE SERVER","label":"Uygulama V1","level":"\u001b[32minfo\u001b[39m","message":"Connected to MongoDB","timestamp":"2025-07-04T08:44:07.681Z"}
{"api":"NODE SERVER","label":"Uygulama V1","level":"\u001b[32minfo\u001b[39m","message":"Connected to MongoDB","timestamp":"2025-07-04T08:44:51.665Z"}
{"api":"NODE SERVER","label":"Uygulama V1","level":"\u001b[32minfo\u001b[39m","message":"Connected to MongoDB","timestamp":"2025-07-04T08:44:55.322Z"}
{"api":"NODE SERVER","label":"Uygulama V1","level":"\u001b[32minfo\u001b[39m","message":"Connected to MongoDB","timestamp":"2025-07-04T08:45:06.307Z"}
{"api":"NODE SERVER","label":"Uygulama V1","level":"\u001b[32minfo\u001b[39m","message":"Connected to MongoDB","timestamp":"2025-07-04T08:45:09.370Z"}
{"api":"NODE SERVER","label":"Uygulama V1","level":"\u001b[32minfo\u001b[39m","message":"Connected to MongoDB","timestamp":"2025-07-04T08:45:12.388Z"}
{"api":"NODE SERVER","label":"Uygulama V1","level":"\u001b[32minfo\u001b[39m","message":"Connected to MongoDB","timestamp":"2025-07-04T08:45:16.080Z"}
{"api":"NODE SERVER","label":"Uygulama V1","level":"\u001b[32minfo\u001b[39m","message":"Connected to MongoDB","timestamp":"2025-07-04T08:45:22.218Z"}
{"api":"NODE SERVER","label":"Uygulama V1","level":"\u001b[32minfo\u001b[39m","message":"Connected to MongoDB","timestamp":"2025-07-04T08:45:55.483Z"}
{"api":"NODE SERVER","label":"Uygulama V1","level":"\u001b[32minfo\u001b[39m","message":"Connected to MongoDB","timestamp":"2025-07-04T08:46:05.162Z"}
{"api":"NODE SERVER","label":"Uygulama V1","level":"\u001b[32minfo\u001b[39m","message":"Connected to MongoDB","timestamp":"2025-07-04T08:46:08.008Z"}
{"api":"NODE SERVER","label":"Uygulama V1","level":"\u001b[32minfo\u001b[39m","message":"Connected to MongoDB","timestamp":"2025-07-04T08:46:15.212Z"}
{"api":"NODE SERVER","label":"Uygulama V1","level":"\u001b[32minfo\u001b[39m","message":"Connected to MongoDB","timestamp":"2025-07-04T08:46:19.188Z"}
{"api":"NODE SERVER","label":"Uygulama V1","level":"\u001b[32minfo\u001b[39m","message":"Connected to MongoDB","timestamp":"2025-07-04T08:46:22.778Z"}
{"api":"NODE SERVER","label":"Uygulama V1","level":"\u001b[32minfo\u001b[39m","message":"Connected to MongoDB","timestamp":"2025-07-04T08:46:30.183Z"}
{"api":"NODE SERVER","label":"Uygulama V1","level":"\u001b[32minfo\u001b[39m","message":"Connected to MongoDB","timestamp":"2025-07-04T08:46:46.781Z"}
{"api":"NODE SERVER","label":"Uygulama V1","level":"\u001b[32minfo\u001b[39m","message":"Connected to MongoDB","timestamp":"2025-07-04T08:46:54.671Z"}
{"api":"NODE SERVER","label":"Uygulama V1","level":"\u001b[32minfo\u001b[39m","message":"Connected to MongoDB","timestamp":"2025-07-04T08:46:59.629Z"}
{"api":"NODE SERVER","label":"Uygulama V1","level":"\u001b[32minfo\u001b[39m","message":"Connected to MongoDB","timestamp":"2025-07-04T08:47:10.035Z"}
{"api":"NODE SERVER","label":"Uygulama V1","level":"\u001b[32minfo\u001b[39m","message":"Connected to MongoDB","timestamp":"2025-07-04T08:47:12.684Z"}
{"api":"NODE SERVER","label":"Uygulama V1","level":"\u001b[32minfo\u001b[39m","message":"Connected to MongoDB","timestamp":"2025-07-04T08:47:25.526Z"}
{"api":"NODE SERVER","label":"Uygulama V1","level":"\u001b[32minfo\u001b[39m","message":"Connected to MongoDB","timestamp":"2025-07-04T08:47:44.770Z"}
{"api":"NODE SERVER","label":"Uygulama V1","level":"\u001b[32minfo\u001b[39m","message":"Connected to MongoDB","timestamp":"2025-07-04T08:47:49.410Z"}
{"api":"NODE SERVER","label":"Uygulama V1","level":"\u001b[32minfo\u001b[39m","message":"Connected to MongoDB","timestamp":"2025-07-04T08:48:00.465Z"}
{"api":"NODE SERVER","label":"Uygulama V1","level":"\u001b[32minfo\u001b[39m","message":"Connected to MongoDB","timestamp":"2025-07-04T08:48:02.628Z"}
{"api":"NODE SERVER","label":"Uygulama V1","level":"\u001b[32minfo\u001b[39m","message":"Connected to MongoDB","timestamp":"2025-07-04T08:48:18.714Z"}
{"api":"NODE SERVER","label":"Uygulama V1","level":"\u001b[32minfo\u001b[39m","message":"Connected to MongoDB","timestamp":"2025-07-04T08:48:27.829Z"}
{"api":"NODE SERVER","label":"Uygulama V1","level":"\u001b[32minfo\u001b[39m","message":"Connected to MongoDB","timestamp":"2025-07-04T08:48:29.715Z"}
{"api":"NODE SERVER","label":"Uygulama V1","level":"\u001b[32minfo\u001b[39m","message":"Connected to MongoDB","timestamp":"2025-07-04T08:48:39.168Z"}
{"api":"NODE SERVER","label":"Uygulama V1","level":"\u001b[32minfo\u001b[39m","message":"Connected to MongoDB","timestamp":"2025-07-04T08:48:42.262Z"}
{"api":"NODE SERVER","label":"Uygulama V1","level":"\u001b[32minfo\u001b[39m","message":"Connected to MongoDB","timestamp":"2025-07-04T08:48:51.950Z"}
{"api":"NODE SERVER","label":"Uygulama V1","level":"\u001b[32minfo\u001b[39m","message":"Connected to MongoDB","timestamp":"2025-07-04T08:48:55.146Z"}
{"api":"NODE SERVER","label":"Uygulama V1","level":"\u001b[32minfo\u001b[39m","message":"Connected to MongoDB","timestamp":"2025-07-04T08:49:07.279Z"}
{"api":"NODE SERVER","label":"Uygulama V1","level":"\u001b[32minfo\u001b[39m","message":"Connected to MongoDB","timestamp":"2025-07-04T08:49:11.429Z"}
{"api":"NODE SERVER","label":"Uygulama V1","level":"\u001b[32minfo\u001b[39m","message":"Connected to MongoDB","timestamp":"2025-07-04T08:49:18.038Z"}
{"api":"NODE SERVER","label":"Uygulama V1","level":"\u001b[32minfo\u001b[39m","message":"Connected to MongoDB","timestamp":"2025-07-04T08:49:58.214Z"}
{"api":"NODE SERVER","label":"Uygulama V1","level":"\u001b[32minfo\u001b[39m","message":"Connected to MongoDB","timestamp":"2025-07-04T08:52:34.193Z"}
{"api":"NODE SERVER","label":"Uygulama V1","level":"\u001b[32minfo\u001b[39m","message":"Connected to MongoDB","timestamp":"2025-07-04T08:55:39.291Z"}
{"api":"NODE SERVER","label":"Uygulama V1","level":"\u001b[32minfo\u001b[39m","message":"Connected to MongoDB","timestamp":"2025-07-04T08:56:13.061Z"}
{"api":"NODE SERVER","label":"Uygulama V1","level":"\u001b[32minfo\u001b[39m","message":"Connected to MongoDB","timestamp":"2025-07-04T08:56:17.278Z"}
{"api":"NODE SERVER","label":"Uygulama V1","level":"\u001b[32minfo\u001b[39m","message":"Connected to MongoDB","timestamp":"2025-07-04T08:56:29.611Z"}
{"api":"NODE SERVER","label":"Uygulama V1","level":"\u001b[32minfo\u001b[39m","message":"Connected to MongoDB","timestamp":"2025-07-04T08:56:46.665Z"}
{"api":"NODE SERVER","label":"Uygulama V1","level":"\u001b[32minfo\u001b[39m","message":"Connected to MongoDB","timestamp":"2025-07-04T08:57:31.889Z"}
{"api":"NODE SERVER","label":"Uygulama V1","level":"\u001b[32minfo\u001b[39m","message":"Connected to MongoDB","timestamp":"2025-07-04T08:57:40.400Z"}
{"api":"NODE SERVER","label":"Uygulama V1","level":"\u001b[32minfo\u001b[39m","message":"Connected to MongoDB","timestamp":"2025-07-04T08:57:46.114Z"}
{"api":"NODE SERVER","label":"Uygulama V1","level":"\u001b[32minfo\u001b[39m","message":"Connected to MongoDB","timestamp":"2025-07-04T08:57:50.005Z"}
{"api":"NODE SERVER","label":"Uygulama V1","level":"\u001b[32minfo\u001b[39m","message":"Connected to MongoDB","timestamp":"2025-07-04T08:58:19.614Z"}
{"api":"NODE SERVER","label":"Uygulama V1","level":"\u001b[32minfo\u001b[39m","message":"Connected to MongoDB","timestamp":"2025-07-04T08:59:15.701Z"}
{"api":"NODE SERVER","label":"Uygulama V1","level":"\u001b[32minfo\u001b[39m","message":"Connected to MongoDB","timestamp":"2025-07-04T09:13:17.290Z"}
{"api":"NODE SERVER","label":"Uygulama V1","level":"\u001b[32minfo\u001b[39m","message":"IP Adresi : ::1 - PATH : /api/v1/person/create - BODY : [object Object] - PARAMS : {} - QUERY : {} - MIDDLEWARE ACCESS TIME : function now() { [native code] } - URL : /api/v1/person/create","timestamp":"2025-07-04T09:13:31.185Z"}
{"api":"NODE SERVER","label":"Uygulama V1","level":"\u001b[31merror\u001b[39m","message":"IP Adresi : ::1 - PATH : /create - BODY : {\"name\":\"Ahmet\",\"surname\":\"Yılmaz\",\"birthDate\":\"538570800000\",\"salary\":\"40000\",\"tcNumber\":\"24191060216\",\"email\":\"ahmet@mail.com\",\"password\":\"123\",\"country\":\"Turkey\",\"city\":\"Ankara\",\"company\":\"68664ccd8645cb8dc2b0d1ac\",\"title\":\"6867922614978f43490cf973\"} - PARAMS : {} - QUERY : {} - ERROR TİME : 1751620411194 - URL : /create - ERROR MESSAGE : TypeError: Cannot read properties of undefined (reading 'create') - ERROR CALLSTACK : {}- CUSTOM-INFO : undefined","timestamp":"2025-07-04T09:13:31.194Z"}
{"api":"NODE SERVER","label":"Uygulama V1","level":"\u001b[32minfo\u001b[39m","message":"Connected to MongoDB","timestamp":"2025-07-04T09:18:04.942Z"}
{"api":"NODE SERVER","label":"Uygulama V1","level":"\u001b[32minfo\u001b[39m","message":"Connected to MongoDB","timestamp":"2025-07-04T09:18:14.727Z"}
{"api":"NODE SERVER","label":"Uygulama V1","level":"\u001b[32minfo\u001b[39m","message":"Connected to MongoDB","timestamp":"2025-07-04T09:18:17.214Z"}
{"api":"NODE SERVER","label":"Uygulama V1","level":"\u001b[32minfo\u001b[39m","message":"Connected to MongoDB","timestamp":"2025-07-04T09:18:29.412Z"}
{"api":"NODE SERVER","label":"Uygulama V1","level":"\u001b[32minfo\u001b[39m","message":"Connected to MongoDB","timestamp":"2025-07-04T09:18:42.782Z"}
{"api":"NODE SERVER","label":"Uygulama V1","level":"\u001b[32minfo\u001b[39m","message":"IP Adresi : ::1 - PATH : /api/v1/person/create - BODY : [object Object] - PARAMS : {} - QUERY : {} - MIDDLEWARE ACCESS TIME : function now() { [native code] } - URL : /api/v1/person/create","timestamp":"2025-07-04T09:18:53.159Z"}
{"api":"NODE SERVER","label":"Uygulama V1","level":"\u001b[31merror\u001b[39m","message":"IP Adresi : ::1 - PATH : /create - BODY : {\"name\":\"Ahmet\",\"surname\":\"Yılmaz\",\"birthDate\":\"538570800000\",\"salary\":\"40000\",\"tcNumber\":\"24191060216\",\"email\":\"ahmet@mail.com\",\"password\":\"123\",\"country\":\"Turkey\",\"city\":\"Ankara\",\"company\":\"68664ccd8645cb8dc2b0d1ac\",\"title\":\"6867922614978f43490cf973\"} - PARAMS : {} - QUERY : {} - ERROR TİME : 1751620733179 - URL : /create - ERROR MESSAGE : ValidationError: bithDate: Path `bithDate` is required., gender: Path `gender` is required. - ERROR CALLSTACK : {}- CUSTOM-INFO : undefined","timestamp":"2025-07-04T09:18:53.179Z"}
{"api":"NODE SERVER","label":"Uygulama V1","level":"\u001b[32minfo\u001b[39m","message":"Connected to MongoDB","timestamp":"2025-07-04T09:19:49.462Z"}
{"api":"NODE SERVER","label":"Uygulama V1","level":"\u001b[32minfo\u001b[39m","message":"IP Adresi : ::1 - PATH : /api/v1/person/create - BODY : [object Object] - PARAMS : {} - QUERY : {} - MIDDLEWARE ACCESS TIME : function now() { [native code] } - URL : /api/v1/person/create","timestamp":"2025-07-04T09:20:44.163Z"}
{"api":"NODE SERVER","label":"Uygulama V1","level":"\u001b[32minfo\u001b[39m","message":"Connected to MongoDB","timestamp":"2025-07-04T10:30:22.153Z"}
{"api":"NODE SERVER","label":"Uygulama V1","level":"\u001b[32minfo\u001b[39m","message":"Connected to MongoDB","timestamp":"2025-07-04T10:30:24.914Z"}
{"api":"NODE SERVER","label":"Uygulama V1","level":"\u001b[32minfo\u001b[39m","message":"Connected to MongoDB","timestamp":"2025-07-04T10:30:27.299Z"}
{"api":"NODE SERVER","label":"Uygulama V1","level":"\u001b[32minfo\u001b[39m","message":"Connected to MongoDB","timestamp":"2025-07-04T10:30:29.466Z"}
{"api":"NODE SERVER","label":"Uygulama V1","level":"\u001b[32minfo\u001b[39m","message":"Connected to MongoDB","timestamp":"2025-07-04T10:30:32.476Z"}
{"api":"NODE SERVER","label":"Uygulama V1","level":"\u001b[32minfo\u001b[39m","message":"Connected to MongoDB","timestamp":"2025-07-04T10:30:37.180Z"}
{"api":"NODE SERVER","label":"Uygulama V1","level":"\u001b[32minfo\u001b[39m","message":"Connected to MongoDB","timestamp":"2025-07-04T10:31:31.048Z"}
{"api":"NODE SERVER","label":"Uygulama V1","level":"\u001b[32minfo\u001b[39m","message":"Connected to MongoDB","timestamp":"2025-07-04T10:33:38.808Z"}
{"api":"NODE SERVER","label":"Uygulama V1","level":"\u001b[32minfo\u001b[39m","message":"IP Adresi : ::1 - PATH : /api/v1/person/create - BODY : [object Object] - PARAMS : {} - QUERY : {} - MIDDLEWARE ACCESS TIME : function now() { [native code] } - URL : /api/v1/person/create","timestamp":"2025-07-04T10:34:33.768Z"}
{"api":"NODE SERVER","label":"Uygulama V1","level":"\u001b[32minfo\u001b[39m","message":"Connected to MongoDB","timestamp":"2025-07-04T10:35:40.379Z"}
{"api":"NODE SERVER","label":"Uygulama V1","level":"\u001b[32minfo\u001b[39m","message":"Connected to MongoDB","timestamp":"2025-07-04T10:36:19.639Z"}
{"api":"NODE SERVER","label":"Uygulama V1","level":"\u001b[32minfo\u001b[39m","message":"Connected to MongoDB","timestamp":"2025-07-04T10:36:54.785Z"}
{"api":"NODE SERVER","label":"Uygulama V1","level":"\u001b[32minfo\u001b[39m","message":"Connected to MongoDB","timestamp":"2025-07-04T10:36:59.734Z"}
{"api":"NODE SERVER","label":"Uygulama V1","level":"\u001b[32minfo\u001b[39m","message":"Connected to MongoDB","timestamp":"2025-07-04T10:37:02.061Z"}
{"api":"NODE SERVER","label":"Uygulama V1","level":"\u001b[32minfo\u001b[39m","message":"Connected to MongoDB","timestamp":"2025-07-04T10:37:06.789Z"}
{"api":"NODE SERVER","label":"Uygulama V1","level":"\u001b[32minfo\u001b[39m","message":"Connected to MongoDB","timestamp":"2025-07-04T10:40:15.771Z"}
{"api":"NODE SERVER","label":"Uygulama V1","level":"\u001b[32minfo\u001b[39m","message":"Connected to MongoDB","timestamp":"2025-07-04T10:40:26.442Z"}
{"api":"NODE SERVER","label":"Uygulama V1","level":"\u001b[32minfo\u001b[39m","message":"Connected to MongoDB","timestamp":"2025-07-04T10:40:42.045Z"}
{"api":"NODE SERVER","label":"Uygulama V1","level":"\u001b[32minfo\u001b[39m","message":"Connected to MongoDB","timestamp":"2025-07-04T10:41:22.565Z"}
{"api":"NODE SERVER","label":"Uygulama V1","level":"\u001b[32minfo\u001b[39m","message":"Connected to MongoDB","timestamp":"2025-07-04T10:42:00.742Z"}
{"api":"NODE SERVER","label":"Uygulama V1","level":"\u001b[32minfo\u001b[39m","message":"Connected to MongoDB","timestamp":"2025-07-04T10:42:18.746Z"}
{"api":"NODE SERVER","label":"Uygulama V1","level":"\u001b[32minfo\u001b[39m","message":"Connected to MongoDB","timestamp":"2025-07-04T10:42:40.016Z"}
{"api":"NODE SERVER","label":"Uygulama V1","level":"\u001b[32minfo\u001b[39m","message":"Connected to MongoDB","timestamp":"2025-07-04T10:42:51.816Z"}
{"api":"NODE SERVER","label":"Uygulama V1","level":"\u001b[32minfo\u001b[39m","message":"Connected to MongoDB","timestamp":"2025-07-04T10:42:55.114Z"}
{"api":"NODE SERVER","label":"Uygulama V1","level":"\u001b[32minfo\u001b[39m","message":"Connected to MongoDB","timestamp":"2025-07-04T10:43:11.779Z"}
{"api":"NODE SERVER","label":"Uygulama V1","level":"\u001b[32minfo\u001b[39m","message":"Connected to MongoDB","timestamp":"2025-07-04T10:43:37.271Z"}
{"api":"NODE SERVER","label":"Uygulama V1","level":"\u001b[32minfo\u001b[39m","message":"IP Adresi : ::1 - PATH : /api/v1/person/create - BODY : [object Object] - PARAMS : {} - QUERY : {} - MIDDLEWARE ACCESS TIME : function now() { [native code] } - URL : /api/v1/person/create","timestamp":"2025-07-04T10:44:06.725Z"}
{"api":"NODE SERVER","label":"Uygulama V1","level":"\u001b[32minfo\u001b[39m","message":"IP Adresi : ::1 - PATH : /api/v1/person/create - BODY : [object Object] - PARAMS : {} - QUERY : {} - MIDDLEWARE ACCESS TIME : function now() { [native code] } - URL : /api/v1/person/create","timestamp":"2025-07-04T10:45:29.628Z"}
{"api":"NODE SERVER","label":"Uygulama V1","level":"\u001b[32minfo\u001b[39m","message":"IP Adresi : ::1 - PATH : /api/v1/person/create - BODY : [object Object] - PARAMS : {} - QUERY : {} - MIDDLEWARE ACCESS TIME : function now() { [native code] } - URL : /api/v1/person/create","timestamp":"2025-07-04T10:45:43.131Z"}
{"api":"NODE SERVER","label":"Uygulama V1","level":"\u001b[32minfo\u001b[39m","message":"IP Adresi : ::1 - PATH : /api/v1/person/create - BODY : [object Object] - PARAMS : {} - QUERY : {} - MIDDLEWARE ACCESS TIME : function now() { [native code] } - URL : /api/v1/person/create","timestamp":"2025-07-04T10:46:08.620Z"}
{"api":"NODE SERVER","label":"Uygulama V1","level":"\u001b[31merror\u001b[39m","message":"IP Adresi : ::1 - PATH : /create - BODY : {\"name\":\"Ahmet\",\"surname\":\"Yılmaz\",\"birthDate\":\"538570800000\",\"gender\":\"E\",\"salary\":\"50000\",\"tcNumber\":\"24191060216\",\"email\":\"aaahmet@mail.com\",\"password\":\"12345678\",\"country\":\"Turkey\",\"city\":\"Ankara\",\"company\":\"68664ccd8645cb8dc2b0d1ac\",\"title\":\"6867922614978f43490cf973\"} - PARAMS : {} - QUERY : {} - ERROR TİME : 1751625968667 - URL : /create - ERROR MESSAGE : MongoServerError: E11000 duplicate key error collection: test.person index: email_1 dup key: { email: \"aaahmet@mail.com\" } - ERROR CALLSTACK : {}- CUSTOM-INFO : undefined","timestamp":"2025-07-04T10:46:08.667Z"}
{"api":"NODE SERVER","label":"Uygulama V1","level":"\u001b[32minfo\u001b[39m","message":"IP Adresi : ::1 - PATH : /api/v1/person/create - BODY : [object Object] - PARAMS : {} - QUERY : {} - MIDDLEWARE ACCESS TIME : function now() { [native code] } - URL : /api/v1/person/create","timestamp":"2025-07-04T10:46:37.689Z"}
{"api":"NODE SERVER","label":"Uygulama V1","level":"\u001b[32minfo\u001b[39m","message":"Connected to MongoDB","timestamp":"2025-07-04T10:47:31.510Z"}
{"api":"NODE SERVER","label":"Uygulama V1","level":"\u001b[32minfo\u001b[39m","message":"Connected to MongoDB","timestamp":"2025-07-04T10:47:53.339Z"}
{"api":"NODE SERVER","label":"Uygulama V1","level":"\u001b[32minfo\u001b[39m","message":"Connected to MongoDB","timestamp":"2025-07-04T10:48:16.929Z"}
{"api":"NODE SERVER","label":"Uygulama V1","level":"\u001b[32minfo\u001b[39m","message":"Connected to MongoDB","timestamp":"2025-07-04T10:48:23.037Z"}
{"api":"NODE SERVER","label":"Uygulama V1","level":"\u001b[32minfo\u001b[39m","message":"Connected to MongoDB","timestamp":"2025-07-04T10:48:28.346Z"}
{"api":"NODE SERVER","label":"Uygulama V1","level":"\u001b[32minfo\u001b[39m","message":"Connected to MongoDB","timestamp":"2025-07-04T10:49:15.492Z"}
{"api":"NODE SERVER","label":"Uygulama V1","level":"\u001b[32minfo\u001b[39m","message":"Connected to MongoDB","timestamp":"2025-07-04T10:49:17.666Z"}
{"api":"NODE SERVER","label":"Uygulama V1","level":"\u001b[32minfo\u001b[39m","message":"Connected to MongoDB","timestamp":"2025-07-04T10:49:19.951Z"}
{"api":"NODE SERVER","label":"Uygulama V1","level":"\u001b[32minfo\u001b[39m","message":"Connected to MongoDB","timestamp":"2025-07-04T10:49:40.555Z"}
{"api":"NODE SERVER","label":"Uygulama V1","level":"\u001b[32minfo\u001b[39m","message":"Connected to MongoDB","timestamp":"2025-07-04T10:49:44.630Z"}
{"api":"NODE SERVER","label":"Uygulama V1","level":"\u001b[32minfo\u001b[39m","message":"Connected to MongoDB","timestamp":"2025-07-04T10:49:54.814Z"}
{"api":"NODE SERVER","label":"Uygulama V1","level":"\u001b[32minfo\u001b[39m","message":"Connected to MongoDB","timestamp":"2025-07-04T10:49:57.487Z"}
{"api":"NODE SERVER","label":"Uygulama V1","level":"\u001b[32minfo\u001b[39m","message":"Connected to MongoDB","timestamp":"2025-07-04T10:50:04.938Z"}
{"api":"NODE SERVER","label":"Uygulama V1","level":"\u001b[32minfo\u001b[39m","message":"Connected to MongoDB","timestamp":"2025-07-04T10:50:14.385Z"}
{"api":"NODE SERVER","label":"Uygulama V1","level":"\u001b[32minfo\u001b[39m","message":"Connected to MongoDB","timestamp":"2025-07-04T10:50:18.378Z"}
{"api":"NODE SERVER","label":"Uygulama V1","level":"\u001b[32minfo\u001b[39m","message":"Connected to MongoDB","timestamp":"2025-07-04T10:50:20.044Z"}
{"api":"NODE SERVER","label":"Uygulama V1","level":"\u001b[32minfo\u001b[39m","message":"Connected to MongoDB","timestamp":"2025-07-04T10:50:25.007Z"}
{"api":"NODE SERVER","label":"Uygulama V1","level":"\u001b[32minfo\u001b[39m","message":"Connected to MongoDB","timestamp":"2025-07-04T10:50:29.710Z"}
{"api":"NODE SERVER","label":"Uygulama V1","level":"\u001b[32minfo\u001b[39m","message":"Connected to MongoDB","timestamp":"2025-07-04T10:50:34.492Z"}
{"api":"NODE SERVER","label":"Uygulama V1","level":"\u001b[32minfo\u001b[39m","message":"Connected to MongoDB","timestamp":"2025-07-04T10:50:43.765Z"}
{"api":"NODE SERVER","label":"Uygulama V1","level":"\u001b[32minfo\u001b[39m","message":"Connected to MongoDB","timestamp":"2025-07-04T10:50:47.504Z"}
{"api":"NODE SERVER","label":"Uygulama V1","level":"\u001b[32minfo\u001b[39m","message":"Connected to MongoDB","timestamp":"2025-07-04T10:50:57.205Z"}
{"api":"NODE SERVER","label":"Uygulama V1","level":"\u001b[32minfo\u001b[39m","message":"Connected to MongoDB","timestamp":"2025-07-04T10:51:03.484Z"}
{"api":"NODE SERVER","label":"Uygulama V1","level":"\u001b[32minfo\u001b[39m","message":"Connected to MongoDB","timestamp":"2025-07-04T10:52:13.627Z"}
{"api":"NODE SERVER","label":"Uygulama V1","level":"\u001b[32minfo\u001b[39m","message":"Connected to MongoDB","timestamp":"2025-07-04T10:52:24.601Z"}
{"api":"NODE SERVER","label":"Uygulama V1","level":"\u001b[32minfo\u001b[39m","message":"IP Adresi : ::1 - PATH : /api/v1/person/create - BODY : [object Object] - PARAMS : {} - QUERY : {} - MIDDLEWARE ACCESS TIME : function now() { [native code] } - URL : /api/v1/person/create","timestamp":"2025-07-04T10:52:52.949Z"}
{"api":"NODE SERVER","label":"Uygulama V1","level":"\u001b[32minfo\u001b[39m","message":"Connected to MongoDB","timestamp":"2025-07-04T10:54:21.363Z"}
{"api":"NODE SERVER","label":"Uygulama V1","level":"\u001b[32minfo\u001b[39m","message":"Connected to MongoDB","timestamp":"2025-07-04T10:54:27.180Z"}
{"api":"NODE SERVER","label":"Uygulama V1","level":"\u001b[32minfo\u001b[39m","message":"Connected to MongoDB","timestamp":"2025-07-04T10:55:13.815Z"}
{"api":"NODE SERVER","label":"Uygulama V1","level":"\u001b[32minfo\u001b[39m","message":"IP Adresi : ::1 - PATH : /api/v1/person/create - BODY : [object Object] - PARAMS : {} - QUERY : {} - MIDDLEWARE ACCESS TIME : function now() { [native code] } - URL : /api/v1/person/create","timestamp":"2025-07-04T10:55:38.836Z"}
{"api":"NODE SERVER","label":"Uygulama V1","level":"\u001b[32minfo\u001b[39m","message":"Connected to MongoDB","timestamp":"2025-07-04T10:57:35.488Z"}
{"api":"NODE SERVER","label":"Uygulama V1","level":"\u001b[32minfo\u001b[39m","message":"Connected to MongoDB","timestamp":"2025-07-04T10:57:43.432Z"}
{"api":"NODE SERVER","label":"Uygulama V1","level":"\u001b[32minfo\u001b[39m","message":"Connected to MongoDB","timestamp":"2025-07-04T10:58:13.322Z"}
{"api":"NODE SERVER","label":"Uygulama V1","level":"\u001b[32minfo\u001b[39m","message":"Connected to MongoDB","timestamp":"2025-07-04T10:58:18.796Z"}
{"api":"NODE SERVER","label":"Uygulama V1","level":"\u001b[32minfo\u001b[39m","message":"Connected to MongoDB","timestamp":"2025-07-04T10:58:33.336Z"}
{"api":"NODE SERVER","label":"Uygulama V1","level":"\u001b[32minfo\u001b[39m","message":"Connected to MongoDB","timestamp":"2025-07-04T10:58:35.344Z"}
{"api":"NODE SERVER","label":"Uygulama V1","level":"\u001b[32minfo\u001b[39m","message":"Connected to MongoDB","timestamp":"2025-07-04T10:58:38.630Z"}
{"api":"NODE SERVER","label":"Uygulama V1","level":"\u001b[32minfo\u001b[39m","message":"Connected to MongoDB","timestamp":"2025-07-04T10:58:43.270Z"}
{"api":"NODE SERVER","label":"Uygulama V1","level":"\u001b[32minfo\u001b[39m","message":"Connected to MongoDB","timestamp":"2025-07-04T10:58:59.013Z"}
{"api":"NODE SERVER","label":"Uygulama V1","level":"\u001b[32minfo\u001b[39m","message":"Connected to MongoDB","timestamp":"2025-07-04T10:59:22.449Z"}
{"api":"NODE SERVER","label":"Uygulama V1","level":"\u001b[32minfo\u001b[39m","message":"Connected to MongoDB","timestamp":"2025-07-04T10:59:30.478Z"}
{"api":"NODE SERVER","label":"Uygulama V1","level":"\u001b[32minfo\u001b[39m","message":"Connected to MongoDB","timestamp":"2025-07-04T11:03:20.041Z"}
{"api":"NODE SERVER","label":"Uygulama V1","level":"\u001b[32minfo\u001b[39m","message":"Connected to MongoDB","timestamp":"2025-07-04T11:04:48.440Z"}
{"api":"NODE SERVER","label":"Uygulama V1","level":"\u001b[32minfo\u001b[39m","message":"Connected to MongoDB","timestamp":"2025-07-04T11:06:26.650Z"}
{"api":"NODE SERVER","label":"Uygulama V1","level":"\u001b[32minfo\u001b[39m","message":"Connected to MongoDB","timestamp":"2025-07-04T11:07:10.661Z"}
{"api":"NODE SERVER","label":"Uygulama V1","level":"\u001b[32minfo\u001b[39m","message":"Connected to MongoDB","timestamp":"2025-07-04T11:08:46.544Z"}
{"api":"NODE SERVER","label":"Uygulama V1","level":"\u001b[32minfo\u001b[39m","message":"Connected to MongoDB","timestamp":"2025-07-04T11:11:09.813Z"}
{"api":"NODE SERVER","label":"Uygulama V1","level":"\u001b[32minfo\u001b[39m","message":"Connected to MongoDB","timestamp":"2025-07-04T11:11:26.484Z"}
{"api":"NODE SERVER","label":"Uygulama V1","level":"\u001b[32minfo\u001b[39m","message":"Connected to MongoDB","timestamp":"2025-07-04T11:11:32.394Z"}
{"api":"NODE SERVER","label":"Uygulama V1","level":"\u001b[32minfo\u001b[39m","message":"Connected to MongoDB","timestamp":"2025-07-04T11:11:36.138Z"}
{"api":"NODE SERVER","label":"Uygulama V1","level":"\u001b[32minfo\u001b[39m","message":"Connected to MongoDB","timestamp":"2025-07-04T11:11:52.280Z"}
{"api":"NODE SERVER","label":"Uygulama V1","level":"\u001b[32minfo\u001b[39m","message":"IP Adresi : ::1 - PATH : /api/v1/person/uploadAvatar - BODY : undefined - PARAMS : {} - QUERY : {\"id\":\"68679cec7d36e0b9d3f30c11\"} - MIDDLEWARE ACCESS TIME : function now() { [native code] } - URL : /api/v1/person/uploadAvatar?id=68679cec7d36e0b9d3f30c11","timestamp":"2025-07-04T11:12:41.006Z"}
{"api":"NODE SERVER","label":"Uygulama V1","level":"\u001b[32minfo\u001b[39m","message":"Connected to MongoDB","timestamp":"2025-07-04T11:15:48.853Z"}
{"api":"NODE SERVER","label":"Uygulama V1","level":"\u001b[32minfo\u001b[39m","message":"Connected to MongoDB","timestamp":"2025-07-04T11:20:21.691Z"}
{"api":"NODE SERVER","label":"Uygulama V1","level":"\u001b[32minfo\u001b[39m","message":"Connected to MongoDB","timestamp":"2025-07-04T11:20:51.470Z"}
{"api":"NODE SERVER","label":"Uygulama V1","level":"\u001b[32minfo\u001b[39m","message":"Connected to MongoDB","timestamp":"2025-07-04T11:21:11.025Z"}
{"api":"NODE SERVER","label":"Uygulama V1","level":"\u001b[32minfo\u001b[39m","message":"Connected to MongoDB","timestamp":"2025-07-04T11:22:02.072Z"}
{"api":"NODE SERVER","label":"Uygulama V1","level":"\u001b[32minfo\u001b[39m","message":"Connected to MongoDB","timestamp":"2025-07-04T11:22:06.245Z"}
{"api":"NODE SERVER","label":"Uygulama V1","level":"\u001b[32minfo\u001b[39m","message":"Connected to MongoDB","timestamp":"2025-07-04T11:22:31.388Z"}
{"api":"NODE SERVER","label":"Uygulama V1","level":"\u001b[32minfo\u001b[39m","message":"Connected to MongoDB","timestamp":"2025-07-04T11:27:12.415Z"}
{"api":"NODE SERVER","label":"Uygulama V1","level":"\u001b[32minfo\u001b[39m","message":"Connected to MongoDB","timestamp":"2025-07-04T11:27:39.634Z"}
{"api":"NODE SERVER","label":"Uygulama V1","level":"\u001b[32minfo\u001b[39m","message":"Connected to MongoDB","timestamp":"2025-07-04T11:27:49.424Z"}
{"api":"NODE SERVER","label":"Uygulama V1","level":"\u001b[32minfo\u001b[39m","message":"Connected to MongoDB","timestamp":"2025-07-04T11:27:52.795Z"}
{"api":"NODE SERVER","label":"Uygulama V1","level":"\u001b[32minfo\u001b[39m","message":"Connected to MongoDB","timestamp":"2025-07-04T11:31:26.918Z"}
{"api":"NODE SERVER","label":"Uygulama V1","level":"\u001b[32minfo\u001b[39m","message":"Connected to MongoDB","timestamp":"2025-07-04T11:32:31.182Z"}
{"api":"NODE SERVER","label":"Uygulama V1","level":"\u001b[32minfo\u001b[39m","message":"Connected to MongoDB","timestamp":"2025-07-04T11:32:41.279Z"}
{"api":"NODE SERVER","label":"Uygulama V1","level":"\u001b[32minfo\u001b[39m","message":"Connected to MongoDB","timestamp":"2025-07-04T11:33:56.267Z"}
{"api":"NODE SERVER","label":"Uygulama V1","level":"\u001b[32minfo\u001b[39m","message":"IP Adresi : ::1 - PATH : /api/v1/person/uploadCv - BODY : undefined - PARAMS : {} - QUERY : {\"id\":\"68679cec7d36e0b9d3f30c11\"} - MIDDLEWARE ACCESS TIME : function now() { [native code] } - URL : /api/v1/person/uploadCv?id=68679cec7d36e0b9d3f30c11","timestamp":"2025-07-04T11:35:06.487Z"}
{"api":"NODE SERVER","label":"Uygulama V1","level":"\u001b[32minfo\u001b[39m","message":"Connected to MongoDB","timestamp":"2025-07-04T11:36:55.521Z"}
{"api":"NODE SERVER","label":"Uygulama V1","level":"\u001b[32minfo\u001b[39m","message":"IP Adresi : ::1 - PATH : /api/v1/person/uploadCv - BODY : undefined - PARAMS : {} - QUERY : {\"id\":\"68679cec7d36e0b9d3f30c11\"} - MIDDLEWARE ACCESS TIME : function now() { [native code] } - URL : /api/v1/person/uploadCv?id=68679cec7d36e0b9d3f30c11","timestamp":"2025-07-04T11:36:59.403Z"}
{"api":"NODE SERVER","label":"Uygulama V1","level":"\u001b[32minfo\u001b[39m","message":"Connected to MongoDB","timestamp":"2025-07-04T11:39:57.697Z"}
{"api":"NODE SERVER","label":"Uygulama V1","level":"\u001b[32minfo\u001b[39m","message":"Connected to MongoDB","timestamp":"2025-07-04T11:43:58.461Z"}
{"api":"NODE SERVER","label":"Uygulama V1","level":"\u001b[32minfo\u001b[39m","message":"Connected to MongoDB","timestamp":"2025-07-04T11:46:09.773Z"}
{"api":"NODE SERVER","label":"Uygulama V1","level":"\u001b[32minfo\u001b[39m","message":"Connected to MongoDB","timestamp":"2025-07-04T11:46:43.219Z"}
{"api":"NODE SERVER","label":"Uygulama V1","level":"\u001b[32minfo\u001b[39m","message":"Connected to MongoDB","timestamp":"2025-07-04T11:48:03.935Z"}
{"api":"NODE SERVER","label":"Uygulama V1","level":"\u001b[32minfo\u001b[39m","message":"IP Adresi : ::1 - PATH : /api/v1/persongetCompany/68679cec7d36e0b9d3f30c11 - BODY : undefined - PARAMS : {} - QUERY : {} - MIDDLEWARE ACCESS TIME : function now() { [native code] } - URL : /api/v1/persongetCompany/68679cec7d36e0b9d3f30c11","timestamp":"2025-07-04T11:50:21.520Z"}
{"api":"NODE SERVER","label":"Uygulama V1","level":"\u001b[32minfo\u001b[39m","message":"Connected to MongoDB","timestamp":"2025-07-04T11:50:42.334Z"}
{"api":"NODE SERVER","label":"Uygulama V1","level":"\u001b[32minfo\u001b[39m","message":"Connected to MongoDB","timestamp":"2025-07-04T11:50:44.690Z"}
{"api":"NODE SERVER","label":"Uygulama V1","level":"\u001b[32minfo\u001b[39m","message":"IP Adresi : ::1 - PATH : /api/v1/person/getCompany/68679cec7d36e0b9d3f30c11 - BODY : undefined - PARAMS : {} - QUERY : {} - MIDDLEWARE ACCESS TIME : function now() { [native code] } - URL : /api/v1/person/getCompany/68679cec7d36e0b9d3f30c11","timestamp":"2025-07-04T11:50:46.958Z"}
{"api":"NODE SERVER","label":"Uygulama V1","level":"\u001b[31merror\u001b[39m","message":"IP Adresi : ::1 - PATH : /getCompany/68679cec7d36e0b9d3f30c11 - BODY : undefined - PARAMS : {\"id\":\"68679cec7d36e0b9d3f30c11\"} - QUERY : {} - ERROR TİME : 1751629846987 - URL : /getCompany/68679cec7d36e0b9d3f30c11 - ERROR MESSAGE : ReferenceError: personCompanyDto is not defined - ERROR CALLSTACK : {}- CUSTOM-INFO : undefined","timestamp":"2025-07-04T11:50:46.988Z"}
{"api":"NODE SERVER","label":"Uygulama V1","level":"\u001b[32minfo\u001b[39m","message":"Connected to MongoDB","timestamp":"2025-07-04T11:53:23.945Z"}
{"api":"NODE SERVER","label":"Uygulama V1","level":"\u001b[32minfo\u001b[39m","message":"Connected to MongoDB","timestamp":"2025-07-04T11:53:51.408Z"}
{"api":"NODE SERVER","label":"Uygulama V1","level":"\u001b[32minfo\u001b[39m","message":"Connected to MongoDB","timestamp":"2025-07-04T11:55:06.202Z"}
{"api":"NODE SERVER","label":"Uygulama V1","level":"\u001b[32minfo\u001b[39m","message":"Connected to MongoDB","timestamp":"2025-07-04T11:55:34.098Z"}
{"api":"NODE SERVER","label":"Uygulama V1","level":"\u001b[32minfo\u001b[39m","message":"IP Adresi : ::1 - PATH : /api/v1/person/getCompany/68679cec7d36e0b9d3f30c11 - BODY : undefined - PARAMS : {} - QUERY : {} - MIDDLEWARE ACCESS TIME : function now() { [native code] } - URL : /api/v1/person/getCompany/68679cec7d36e0b9d3f30c11","timestamp":"2025-07-04T11:55:38.907Z"}
{"api":"NODE SERVER","label":"Uygulama V1","level":"\u001b[32minfo\u001b[39m","message":"IP Adresi : ::1 - PATH : /api/v1/person/getCompany/68679cec7d36e0b9d3f30c11 - BODY : undefined - PARAMS : {} - QUERY : {} - MIDDLEWARE ACCESS TIME : function now() { [native code] } - URL : /api/v1/person/getCompany/68679cec7d36e0b9d3f30c11","timestamp":"2025-07-04T11:56:11.351Z"}
{"api":"NODE SERVER","label":"Uygulama V1","level":"\u001b[32minfo\u001b[39m","message":"Connected to MongoDB","timestamp":"2025-07-04T12:02:36.509Z"}
{"api":"NODE SERVER","label":"Uygulama V1","level":"\u001b[32minfo\u001b[39m","message":"IP Adresi : ::1 - PATH : /api/v1/person/getCompany/68679cec7d36e0b9d3f30c11 - BODY : undefined - PARAMS : {} - QUERY : {} - MIDDLEWARE ACCESS TIME : function now() { [native code] } - URL : /api/v1/person/getCompany/68679cec7d36e0b9d3f30c11","timestamp":"2025-07-04T12:02:38.455Z"}
{"api":"NODE SERVER","label":"Uygulama V1","level":"\u001b[32minfo\u001b[39m","message":"Connected to MongoDB","timestamp":"2025-07-04T12:03:12.238Z"}
{"api":"NODE SERVER","label":"Uygulama V1","level":"\u001b[32minfo\u001b[39m","message":"IP Adresi : ::1 - PATH : /api/v1/person/getCompany/68679cec7d36e0b9d3f30c11 - BODY : undefined - PARAMS : {} - QUERY : {} - MIDDLEWARE ACCESS TIME : function now() { [native code] } - URL : /api/v1/person/getCompany/68679cec7d36e0b9d3f30c11","timestamp":"2025-07-04T12:03:44.220Z"}
{"api":"NODE SERVER","label":"Uygulama V1","level":"\u001b[32minfo\u001b[39m","message":"Connected to MongoDB","timestamp":"2025-07-04T12:04:50.414Z"}
{"api":"NODE SERVER","label":"Uygulama V1","level":"\u001b[32minfo\u001b[39m","message":"IP Adresi : ::1 - PATH : /api/v1/person/getCompany/68679cec7d36e0b9d3f30c11 - BODY : undefined - PARAMS : {} - QUERY : {} - MIDDLEWARE ACCESS TIME : function now() { [native code] } - URL : /api/v1/person/getCompany/68679cec7d36e0b9d3f30c11","timestamp":"2025-07-04T12:04:52.893Z"}
{"api":"NODE SERVER","label":"Uygulama V1","level":"\u001b[32minfo\u001b[39m","message":"Connected to MongoDB","timestamp":"2025-07-04T12:05:02.372Z"}
{"api":"NODE SERVER","label":"Uygulama V1","level":"\u001b[32minfo\u001b[39m","message":"Connected to MongoDB","timestamp":"2025-07-04T12:09:38.957Z"}
{"api":"NODE SERVER","label":"Uygulama V1","level":"\u001b[32minfo\u001b[39m","message":"IP Adresi : ::1 - PATH : /api/v1/person/getCompany/68679cec7d36e0b9d3f30c11 - BODY : undefined - PARAMS : {} - QUERY : {} - MIDDLEWARE ACCESS TIME : function now() { [native code] } - URL : /api/v1/person/getCompany/68679cec7d36e0b9d3f30c11","timestamp":"2025-07-04T12:09:42.237Z"}
{"api":"NODE SERVER","label":"Uygulama V1","level":"\u001b[32minfo\u001b[39m","message":"Connected to MongoDB","timestamp":"2025-07-04T12:10:07.725Z"}
{"api":"NODE SERVER","label":"Uygulama V1","level":"\u001b[32minfo\u001b[39m","message":"IP Adresi : ::1 - PATH : /api/v1/person/getCompany/68679cec7d36e0b9d3f30c11 - BODY : undefined - PARAMS : {} - QUERY : {} - MIDDLEWARE ACCESS TIME : function now() { [native code] } - URL : /api/v1/person/getCompany/68679cec7d36e0b9d3f30c11","timestamp":"2025-07-04T12:10:18.496Z"}
{"api":"NODE SERVER","label":"Uygulama V1","level":"\u001b[32minfo\u001b[39m","message":"Connected to MongoDB","timestamp":"2025-07-04T12:16:12.689Z"}
{"api":"NODE SERVER","label":"Uygulama V1","level":"\u001b[32minfo\u001b[39m","message":"Connected to MongoDB","timestamp":"2025-07-04T12:16:30.978Z"}
{"api":"NODE SERVER","label":"Uygulama V1","level":"\u001b[32minfo\u001b[39m","message":"Connected to MongoDB","timestamp":"2025-07-04T12:16:33.088Z"}
{"api":"NODE SERVER","label":"Uygulama V1","level":"\u001b[32minfo\u001b[39m","message":"Connected to MongoDB","timestamp":"2025-07-04T12:16:35.260Z"}
{"api":"NODE SERVER","label":"Uygulama V1","level":"\u001b[32minfo\u001b[39m","message":"Connected to MongoDB","timestamp":"2025-07-04T12:16:43.859Z"}
{"api":"NODE SERVER","label":"Uygulama V1","level":"\u001b[32minfo\u001b[39m","message":"IP Adresi : ::1 - PATH : /api/v1/person/getCompany/68679cec7d36e0b9d3f30c11 - BODY : undefined - PARAMS : {} - QUERY : {} - MIDDLEWARE ACCESS TIME : function now() { [native code] } - URL : /api/v1/person/getCompany/68679cec7d36e0b9d3f30c11","timestamp":"2025-07-04T12:16:46.924Z"}
{"api":"NODE SERVER","label":"Uygulama V1","level":"\u001b[32minfo\u001b[39m","message":"Connected to MongoDB","timestamp":"2025-07-04T12:19:55.252Z"}
{"api":"NODE SERVER","label":"Uygulama V1","level":"\u001b[32minfo\u001b[39m","message":"Connected to MongoDB","timestamp":"2025-07-04T12:20:03.598Z"}
{"api":"NODE SERVER","label":"Uygulama V1","level":"\u001b[32minfo\u001b[39m","message":"Connected to MongoDB","timestamp":"2025-07-04T12:20:11.654Z"}
{"api":"NODE SERVER","label":"Uygulama V1","level":"\u001b[32minfo\u001b[39m","message":"Connected to MongoDB","timestamp":"2025-07-04T12:20:36.350Z"}
{"api":"NODE SERVER","label":"Uygulama V1","level":"\u001b[32minfo\u001b[39m","message":"Connected to MongoDB","timestamp":"2025-07-04T12:21:39.689Z"}
{"api":"NODE SERVER","label":"Uygulama V1","level":"\u001b[32minfo\u001b[39m","message":"Connected to MongoDB","timestamp":"2025-07-04T12:22:11.736Z"}
{"api":"NODE SERVER","label":"Uygulama V1","level":"\u001b[32minfo\u001b[39m","message":"IP Adresi : ::1 - PATH : /api/v1/person/getTitle/68679cec7d36e0b9d3f30c11 - BODY : undefined - PARAMS : {} - QUERY : {} - MIDDLEWARE ACCESS TIME : function now() { [native code] } - URL : /api/v1/person/getTitle/68679cec7d36e0b9d3f30c11","timestamp":"2025-07-04T12:22:29.146Z"}
{"api":"NODE SERVER","label":"Uygulama V1","level":"\u001b[32minfo\u001b[39m","message":"Connected to MongoDB","timestamp":"2025-07-04T12:24:02.075Z"}
{"api":"NODE SERVER","label":"Uygulama V1","level":"\u001b[32minfo\u001b[39m","message":"IP Adresi : ::1 - PATH : /api/v1/person/getTitle/68679cec7d36e0b9d3f30c11 - BODY : undefined - PARAMS : {} - QUERY : {} - MIDDLEWARE ACCESS TIME : function now() { [native code] } - URL : /api/v1/person/getTitle/68679cec7d36e0b9d3f30c11","timestamp":"2025-07-04T12:24:06.240Z"}
{"api":"NODE SERVER","label":"Uygulama V1","level":"\u001b[32minfo\u001b[39m","message":"Connected to MongoDB","timestamp":"2025-07-04T12:35:27.581Z"}
{"api":"NODE SERVER","label":"Uygulama V1","level":"\u001b[32minfo\u001b[39m","message":"Connected to MongoDB","timestamp":"2025-07-04T12:35:33.287Z"}
{"api":"NODE SERVER","label":"Uygulama V1","level":"\u001b[32minfo\u001b[39m","message":"Connected to MongoDB","timestamp":"2025-07-04T12:35:58.178Z"}
{"api":"NODE SERVER","label":"Uygulama V1","level":"\u001b[32minfo\u001b[39m","message":"IP Adresi : ::1 - PATH : /api/v1/person/getById/68679cec7d36e0b9d3f30c11 - BODY : undefined - PARAMS : {} - QUERY : {} - MIDDLEWARE ACCESS TIME : function now() { [native code] } - URL : /api/v1/person/getById/68679cec7d36e0b9d3f30c11","timestamp":"2025-07-04T12:36:55.236Z"}
{"api":"NODE SERVER","label":"Uygulama V1","level":"\u001b[32minfo\u001b[39m","message":"Connected to MongoDB","timestamp":"2025-07-04T12:37:45.032Z"}
{"api":"NODE SERVER","label":"Uygulama V1","level":"\u001b[32minfo\u001b[39m","message":"Connected to MongoDB","timestamp":"2025-07-04T12:38:03.723Z"}
{"api":"NODE SERVER","label":"Uygulama V1","level":"\u001b[32minfo\u001b[39m","message":"IP Adresi : ::1 - PATH : /api/v1/person/getById/68679cec7d36e0b9d3f30c11 - BODY : undefined - PARAMS : {} - QUERY : {} - MIDDLEWARE ACCESS TIME : function now() { [native code] } - URL : /api/v1/person/getById/68679cec7d36e0b9d3f30c11","timestamp":"2025-07-04T12:38:05.206Z"}
{"api":"NODE SERVER","label":"Uygulama V1","level":"\u001b[32minfo\u001b[39m","message":"Connected to MongoDB","timestamp":"2025-07-04T12:40:50.869Z"}
{"api":"NODE SERVER","label":"Uygulama V1","level":"\u001b[32minfo\u001b[39m","message":"Connected to MongoDB","timestamp":"2025-07-04T12:41:28.570Z"}
{"api":"NODE SERVER","label":"Uygulama V1","level":"\u001b[32minfo\u001b[39m","message":"IP Adresi : ::1 - PATH : /api/v1/person/all - BODY : undefined - PARAMS : {} - QUERY : {} - MIDDLEWARE ACCESS TIME : function now() { [native code] } - URL : /api/v1/person/all","timestamp":"2025-07-04T12:41:55.250Z"}
{"api":"NODE SERVER","label":"Uygulama V1","level":"\u001b[32minfo\u001b[39m","message":"Connected to MongoDB","timestamp":"2025-07-04T12:42:39.894Z"}
{"api":"NODE SERVER","label":"Uygulama V1","level":"\u001b[32minfo\u001b[39m","message":"Connected to MongoDB","timestamp":"2025-07-04T12:42:42.293Z"}
{"api":"NODE SERVER","label":"Uygulama V1","level":"\u001b[32minfo\u001b[39m","message":"Connected to MongoDB","timestamp":"2025-07-04T12:42:55.898Z"}
{"api":"NODE SERVER","label":"Uygulama V1","level":"\u001b[32minfo\u001b[39m","message":"IP Adresi : ::1 - PATH : /api/v1/person/all - BODY : undefined - PARAMS : {} - QUERY : {} - MIDDLEWARE ACCESS TIME : function now() { [native code] } - URL : /api/v1/person/all","timestamp":"2025-07-04T12:43:00.912Z"}
{"api":"NODE SERVER","label":"Uygulama V1","level":"\u001b[32minfo\u001b[39m","message":"Connected to MongoDB","timestamp":"2025-07-04T12:55:13.589Z"}
{"api":"NODE SERVER","label":"Uygulama V1","level":"\u001b[32minfo\u001b[39m","message":"IP Adresi : ::1 - PATH : /api/v1/person/all - BODY : undefined - PARAMS : {} - QUERY : {} - MIDDLEWARE ACCESS TIME : function now() { [native code] } - URL : /api/v1/person/all","timestamp":"2025-07-04T12:55:17.561Z"}
{"api":"NODE SERVER","label":"Uygulama V1","level":"\u001b[32minfo\u001b[39m","message":"Connected to MongoDB","timestamp":"2025-07-04T12:56:18.190Z"}
{"api":"NODE SERVER","label":"Uygulama V1","level":"\u001b[32minfo\u001b[39m","message":"Connected to MongoDB","timestamp":"2025-07-04T12:56:50.272Z"}
{"api":"NODE SERVER","label":"Uygulama V1","level":"\u001b[32minfo\u001b[39m","message":"Connected to MongoDB","timestamp":"2025-07-04T12:57:18.680Z"}
{"api":"NODE SERVER","label":"Uygulama V1","level":"\u001b[32minfo\u001b[39m","message":"Connected to MongoDB","timestamp":"2025-07-04T13:02:47.229Z"}
{"api":"NODE SERVER","label":"Uygulama V1","level":"\u001b[32minfo\u001b[39m","message":"IP Adresi : ::1 - PATH : /api/v1/person/listPagination - BODY : undefined - PARAMS : {} - QUERY : {\"perPage\":\"2\",\"page\":\"5\",\"sortBy\":\"name\",\"sortDirection\":\"asc\"} - MIDDLEWARE ACCESS TIME : function now() { [native code] } - URL : /api/v1/person/listPagination?perPage=2&page=5&sortBy=name&sortDirection=asc","timestamp":"2025-07-04T13:09:05.798Z"}
{"api":"NODE SERVER","label":"Uygulama V1","level":"\u001b[32minfo\u001b[39m","message":"Connected to MongoDB","timestamp":"2025-07-04T13:09:28.552Z"}
{"api":"NODE SERVER","label":"Uygulama V1","level":"\u001b[32minfo\u001b[39m","message":"IP Adresi : ::1 - PATH : /api/v1/person/listPagination - BODY : undefined - PARAMS : {} - QUERY : {\"perPage\":\"2\",\"page\":\"5\",\"sortBy\":\"name\",\"sortDirection\":\"asc\"} - MIDDLEWARE ACCESS TIME : function now() { [native code] } - URL : /api/v1/person/listPagination?perPage=2&page=5&sortBy=name&sortDirection=asc","timestamp":"2025-07-04T13:09:30.905Z"}
{"api":"NODE SERVER","label":"Uygulama V1","level":"\u001b[32minfo\u001b[39m","message":"Connected to MongoDB","timestamp":"2025-07-04T13:10:48.645Z"}
{"api":"NODE SERVER","label":"Uygulama V1","level":"\u001b[32minfo\u001b[39m","message":"Connected to MongoDB","timestamp":"2025-07-04T13:11:41.067Z"}
{"api":"NODE SERVER","label":"Uygulama V1","level":"\u001b[32minfo\u001b[39m","message":"Connected to MongoDB","timestamp":"2025-07-04T13:11:44.896Z"}
{"api":"NODE SERVER","label":"Uygulama V1","level":"\u001b[32minfo\u001b[39m","message":"Connected to MongoDB","timestamp":"2025-07-04T13:12:14.932Z"}
{"api":"NODE SERVER","label":"Uygulama V1","level":"\u001b[32minfo\u001b[39m","message":"Connected to MongoDB","timestamp":"2025-07-04T13:12:24.286Z"}
{"api":"NODE SERVER","label":"Uygulama V1","level":"\u001b[32minfo\u001b[39m","message":"IP Adresi : ::1 - PATH : /api/v1/person/update/68679cec7d36e0b9d3f30c11 - BODY : [object Object] - PARAMS : {} - QUERY : {} - MIDDLEWARE ACCESS TIME : function now() { [native code] } - URL : /api/v1/person/update/68679cec7d36e0b9d3f30c11","timestamp":"2025-07-04T13:13:53.347Z"}
{"api":"NODE SERVER","label":"Uygulama V1","level":"\u001b[32minfo\u001b[39m","message":"IP Adresi : ::1 - PATH : /api/v1/person/update/68679cec7d36e0b9d3f30c11 - BODY : [object Object] - PARAMS : {} - QUERY : {} - MIDDLEWARE ACCESS TIME : function now() { [native code] } - URL : /api/v1/person/update/68679cec7d36e0b9d3f30c11","timestamp":"2025-07-04T13:13:58.784Z"}
{"api":"NODE SERVER","label":"Uygulama V1","level":"\u001b[32minfo\u001b[39m","message":"IP Adresi : ::1 - PATH : /api/v1/person/update/68679cec7d36e0b9d3f30c11 - BODY : [object Object] - PARAMS : {} - QUERY : {} - MIDDLEWARE ACCESS TIME : function now() { [native code] } - URL : /api/v1/person/update/68679cec7d36e0b9d3f30c11","timestamp":"2025-07-04T13:14:10.987Z"}
{"api":"NODE SERVER","label":"Uygulama V1","level":"\u001b[32minfo\u001b[39m","message":"IP Adresi : ::1 - PATH : /api/v1/person/update/68679cec7d36e0b9d3f30c11 - BODY : [object Object] - PARAMS : {} - QUERY : {} - MIDDLEWARE ACCESS TIME : function now() { [native code] } - URL : /api/v1/person/update/68679cec7d36e0b9d3f30c11","timestamp":"2025-07-04T13:14:21.915Z"}
{"api":"NODE SERVER","label":"Uygulama V1","level":"\u001b[32minfo\u001b[39m","message":"IP Adresi : ::1 - PATH : /api/v1/person/update/68679cec7d36e0b9d3f30c11 - BODY : [object Object] - PARAMS : {} - QUERY : {} - MIDDLEWARE ACCESS TIME : function now() { [native code] } - URL : /api/v1/person/update/68679cec7d36e0b9d3f30c11","timestamp":"2025-07-04T13:14:55.301Z"}
{"api":"NODE SERVER","label":"Uygulama V1","level":"\u001b[32minfo\u001b[39m","message":"Connected to MongoDB","timestamp":"2025-07-04T13:15:18.072Z"}
{"api":"NODE SERVER","label":"Uygulama V1","level":"\u001b[32minfo\u001b[39m","message":"IP Adresi : ::1 - PATH : /api/v1/person/update/68679cec7d36e0b9d3f30c11 - BODY : [object Object] - PARAMS : {} - QUERY : {} - MIDDLEWARE ACCESS TIME : function now() { [native code] } - URL : /api/v1/person/update/68679cec7d36e0b9d3f30c11","timestamp":"2025-07-04T13:15:19.903Z"}
{"api":"NODE SERVER","label":"Uygulama V1","level":"\u001b[32minfo\u001b[39m","message":"Connected to MongoDB","timestamp":"2025-07-04T13:15:47.541Z"}
{"api":"NODE SERVER","label":"Uygulama V1","level":"\u001b[32minfo\u001b[39m","message":"Connected to MongoDB","timestamp":"2025-07-04T13:16:22.610Z"}
{"api":"NODE SERVER","label":"Uygulama V1","level":"\u001b[32minfo\u001b[39m","message":"IP Adresi : ::1 - PATH : /api/v1/person/update/68679cec7d36e0b9d3f30c11 - BODY : [object Object] - PARAMS : {} - QUERY : {} - MIDDLEWARE ACCESS TIME : function now() { [native code] } - URL : /api/v1/person/update/68679cec7d36e0b9d3f30c11","timestamp":"2025-07-04T13:17:05.223Z"}
{"api":"NODE SERVER","label":"Uygulama V1","level":"\u001b[32minfo\u001b[39m","message":"IP Adresi : ::1 - PATH : /api/v1/person/update/68679cec7d36e0b9d3f30c11 - BODY : [object Object] - PARAMS : {} - QUERY : {} - MIDDLEWARE ACCESS TIME : function now() { [native code] } - URL : /api/v1/person/update/68679cec7d36e0b9d3f30c11","timestamp":"2025-07-04T13:17:13.812Z"}
{"api":"NODE SERVER","label":"Uygulama V1","level":"\u001b[32minfo\u001b[39m","message":"Connected to MongoDB","timestamp":"2025-07-04T13:25:21.226Z"}
{"api":"NODE SERVER","label":"Uygulama V1","level":"\u001b[32minfo\u001b[39m","message":"Connected to MongoDB","timestamp":"2025-07-04T13:25:57.744Z"}
{"api":"NODE SERVER","label":"Uygulama V1","level":"\u001b[32minfo\u001b[39m","message":"Connected to MongoDB","timestamp":"2025-07-04T13:26:01.632Z"}
{"api":"NODE SERVER","label":"Uygulama V1","level":"\u001b[32minfo\u001b[39m","message":"Connected to MongoDB","timestamp":"2025-07-04T13:26:28.192Z"}
{"api":"NODE SERVER","label":"Uygulama V1","level":"\u001b[32minfo\u001b[39m","message":"Connected to MongoDB","timestamp":"2025-07-04T13:26:35.126Z"}
{"api":"NODE SERVER","label":"Uygulama V1","level":"\u001b[32minfo\u001b[39m","message":"IP Adresi : ::1 - PATH : /api/v1/person/delete/68679cec7d36e0b9d3f30c11 - BODY : [object Object] - PARAMS : {} - QUERY : {} - MIDDLEWARE ACCESS TIME : function now() { [native code] } - URL : /api/v1/person/delete/68679cec7d36e0b9d3f30c11","timestamp":"2025-07-04T13:27:00.399Z"}
{"api":"NODE SERVER","label":"Uygulama V1","level":"\u001b[32minfo\u001b[39m","message":"IP Adresi : ::1 - PATH : /api/v1/person/delete/68679cec7d36e0b9d3f30c11 - BODY : [object Object] - PARAMS : {} - QUERY : {} - MIDDLEWARE ACCESS TIME : function now() { [native code] } - URL : /api/v1/person/delete/68679cec7d36e0b9d3f30c11","timestamp":"2025-07-04T13:27:07.526Z"}
{"api":"NODE SERVER","label":"Uygulama V1","level":"\u001b[32minfo\u001b[39m","message":"Connected to MongoDB","timestamp":"2025-07-04T13:27:26.130Z"}
{"api":"NODE SERVER","label":"Uygulama V1","level":"\u001b[32minfo\u001b[39m","message":"Connected to MongoDB","timestamp":"2025-07-04T13:27:28.241Z"}
{"api":"NODE SERVER","label":"Uygulama V1","level":"\u001b[32minfo\u001b[39m","message":"Connected to MongoDB","timestamp":"2025-07-04T13:27:39.876Z"}
{"api":"NODE SERVER","label":"Uygulama V1","level":"\u001b[32minfo\u001b[39m","message":"IP Adresi : ::1 - PATH : /api/v1/person/delete/68679cec7d36e0b9d3f30c11 - BODY : [object Object] - PARAMS : {} - QUERY : {} - MIDDLEWARE ACCESS TIME : function now() { [native code] } - URL : /api/v1/person/delete/68679cec7d36e0b9d3f30c11","timestamp":"2025-07-04T13:27:41.500Z"}
{"api":"NODE SERVER","label":"Uygulama V1","level":"\u001b[31merror\u001b[39m","message":"IP Adresi : ::1 - PATH : /delete/68679cec7d36e0b9d3f30c11 - BODY : {\"name\":\"Tarık\",\"surname\":\"Yılmaz\",\"birthDate\":\"538570800000\",\"gender\":\"E\",\"salary\":\"50000\",\"tcNumber\":\"24191060216\",\"email\":\"tarı2@mail.com\",\"password\":\"12345678\",\"country\":\"Turkey\",\"city\":\"Ankara\",\"company\":\"68664ccd8645cb8dc2b0d1ac\",\"title\":\"6867922614978f43490cf973\"} - PARAMS : {\"id\":\"68679cec7d36e0b9d3f30c11\"} - QUERY : {} - ERROR TİME : 1751635661523 - URL : /delete/68679cec7d36e0b9d3f30c11 - ERROR MESSAGE : ReferenceError: companyDal is not defined - ERROR CALLSTACK : {}- CUSTOM-INFO : undefined","timestamp":"2025-07-04T13:27:41.523Z"}
{"api":"NODE SERVER","label":"Uygulama V1","level":"\u001b[32minfo\u001b[39m","message":"Connected to MongoDB","timestamp":"2025-07-04T13:29:11.678Z"}
{"api":"NODE SERVER","label":"Uygulama V1","level":"\u001b[32minfo\u001b[39m","message":"Connected to MongoDB","timestamp":"2025-07-04T13:29:20.922Z"}
{"api":"NODE SERVER","label":"Uygulama V1","level":"\u001b[32minfo\u001b[39m","message":"IP Adresi : ::1 - PATH : /api/v1/person/delete/68679cec7d36e0b9d3f30c11 - BODY : [object Object] - PARAMS : {} - QUERY : {} - MIDDLEWARE ACCESS TIME : function now() { [native code] } - URL : /api/v1/person/delete/68679cec7d36e0b9d3f30c11","timestamp":"2025-07-04T13:29:25.948Z"}
{"api":"NODE SERVER","label":"Uygulama V1","level":"\u001b[31merror\u001b[39m","message":"IP Adresi : ::1 - PATH : /delete/68679cec7d36e0b9d3f30c11 - BODY : {\"name\":\"Tarık\",\"surname\":\"Yılmaz\",\"birthDate\":\"538570800000\",\"gender\":\"E\",\"salary\":\"50000\",\"tcNumber\":\"24191060216\",\"email\":\"tarı2@mail.com\",\"password\":\"12345678\",\"country\":\"Turkey\",\"city\":\"Ankara\",\"company\":\"68664ccd8645cb8dc2b0d1ac\",\"title\":\"6867922614978f43490cf973\"} - PARAMS : {\"id\":\"68679cec7d36e0b9d3f30c11\"} - QUERY : {} - ERROR TİME : 1751635765961 - URL : /delete/68679cec7d36e0b9d3f30c11 - ERROR MESSAGE : TypeError: Cannot read properties of null (reading 'cvFile') - ERROR CALLSTACK : {}- CUSTOM-INFO : undefined","timestamp":"2025-07-04T13:29:25.961Z"}
{"api":"NODE SERVER","label":"Uygulama V1","level":"\u001b[32minfo\u001b[39m","message":"Connected to MongoDB","timestamp":"2025-07-04T13:31:47.767Z"}
{"api":"NODE SERVER","label":"Uygulama V1","level":"\u001b[32minfo\u001b[39m","message":"IP Adresi : ::1 - PATH : /api/v1/person/delete/68679cec7d36e0b9d3f30c11 - BODY : [object Object] - PARAMS : {} - QUERY : {} - MIDDLEWARE ACCESS TIME : function now() { [native code] } - URL : /api/v1/person/delete/68679cec7d36e0b9d3f30c11","timestamp":"2025-07-04T13:31:48.228Z"}
{"api":"NODE SERVER","label":"Uygulama V1","level":"\u001b[31merror\u001b[39m","message":"IP Adresi : ::1 - PATH : /delete/68679cec7d36e0b9d3f30c11 - BODY : {\"name\":\"Tarık\",\"surname\":\"Yılmaz\",\"birthDate\":\"538570800000\",\"gender\":\"E\",\"salary\":\"50000\",\"tcNumber\":\"24191060216\",\"email\":\"tarı2@mail.com\",\"password\":\"12345678\",\"country\":\"Turkey\",\"city\":\"Ankara\",\"company\":\"68664ccd8645cb8dc2b0d1ac\",\"title\":\"6867922614978f43490cf973\"} - PARAMS : {\"id\":\"68679cec7d36e0b9d3f30c11\"} - QUERY : {} - ERROR TİME : 1751635908244 - URL : /delete/68679cec7d36e0b9d3f30c11 - ERROR MESSAGE : TypeError: Cannot read properties of null (reading 'cvFile') - ERROR CALLSTACK : {}- CUSTOM-INFO : undefined","timestamp":"2025-07-04T13:31:48.244Z"}
{"api":"NODE SERVER","label":"Uygulama V1","level":"\u001b[32minfo\u001b[39m","message":"IP Adresi : ::1 - PATH : /api/v1/person/create/68679cec7d36e0b9d3f30c11 - BODY : [object Object] - PARAMS : {} - QUERY : {} - MIDDLEWARE ACCESS TIME : function now() { [native code] } - URL : /api/v1/person/create/68679cec7d36e0b9d3f30c11","timestamp":"2025-07-04T13:32:09.959Z"}
{"api":"NODE SERVER","label":"Uygulama V1","level":"\u001b[32minfo\u001b[39m","message":"IP Adresi : ::1 - PATH : /api/v1/person/create - BODY : [object Object] - PARAMS : {} - QUERY : {} - MIDDLEWARE ACCESS TIME : function now() { [native code] } - URL : /api/v1/person/create","timestamp":"2025-07-04T13:32:21.774Z"}
{"api":"NODE SERVER","label":"Uygulama V1","level":"\u001b[32minfo\u001b[39m","message":"IP Adresi : ::1 - PATH : /api/v1/person/create/6867d7e5c9f5bc83a438dba5 - BODY : [object Object] - PARAMS : {} - QUERY : {} - MIDDLEWARE ACCESS TIME : function now() { [native code] } - URL : /api/v1/person/create/6867d7e5c9f5bc83a438dba5","timestamp":"2025-07-04T13:32:51.549Z"}
{"api":"NODE SERVER","label":"Uygulama V1","level":"\u001b[32minfo\u001b[39m","message":"IP Adresi : ::1 - PATH : /api/v1/person/delete/6867d7e5c9f5bc83a438dba5 - BODY : [object Object] - PARAMS : {} - QUERY : {} - MIDDLEWARE ACCESS TIME : function now() { [native code] } - URL : /api/v1/person/delete/6867d7e5c9f5bc83a438dba5","timestamp":"2025-07-04T13:33:01.088Z"}
{"api":"NODE SERVER","label":"Uygulama V1","level":"\u001b[31merror\u001b[39m","message":"IP Adresi : ::1 - PATH : /delete/6867d7e5c9f5bc83a438dba5 - BODY : {\"name\":\"Tarık\",\"surname\":\"Yılmaz\",\"birthDate\":\"538570800000\",\"gender\":\"E\",\"salary\":\"50000\",\"tcNumber\":\"24191060216\",\"email\":\"tarı2@mail.com\",\"password\":\"12345678\",\"country\":\"Turkey\",\"city\":\"Ankara\",\"company\":\"68664ccd8645cb8dc2b0d1ac\",\"title\":\"6867922614978f43490cf973\"} - PARAMS : {\"id\":\"6867d7e5c9f5bc83a438dba5\"} - QUERY : {} - ERROR TİME : 1751635981097 - URL : /delete/6867d7e5c9f5bc83a438dba5 - ERROR MESSAGE : TypeError: companyDal.findById is not a function - ERROR CALLSTACK : {}- CUSTOM-INFO : undefined","timestamp":"2025-07-04T13:33:01.097Z"}
{"api":"NODE SERVER","label":"Uygulama V1","level":"\u001b[32minfo\u001b[39m","message":"Connected to MongoDB","timestamp":"2025-07-04T13:35:45.409Z"}
{"api":"NODE SERVER","label":"Uygulama V1","level":"\u001b[32minfo\u001b[39m","message":"Connected to MongoDB","timestamp":"2025-07-04T13:35:47.307Z"}
{"api":"NODE SERVER","label":"Uygulama V1","level":"\u001b[32minfo\u001b[39m","message":"Connected to MongoDB","timestamp":"2025-07-04T13:35:50.526Z"}
{"api":"NODE SERVER","label":"Uygulama V1","level":"\u001b[32minfo\u001b[39m","message":"Connected to MongoDB","timestamp":"2025-07-04T13:36:43.709Z"}
{"api":"NODE SERVER","label":"Uygulama V1","level":"\u001b[32minfo\u001b[39m","message":"Connected to MongoDB","timestamp":"2025-07-04T13:36:54.804Z"}
{"api":"NODE SERVER","label":"Uygulama V1","level":"\u001b[32minfo\u001b[39m","message":"Connected to MongoDB","timestamp":"2025-07-04T13:37:10.726Z"}
{"api":"NODE SERVER","label":"Uygulama V1","level":"\u001b[32minfo\u001b[39m","message":"Connected to MongoDB","timestamp":"2025-07-04T13:37:28.132Z"}
{"api":"NODE SERVER","label":"Uygulama V1","level":"\u001b[32minfo\u001b[39m","message":"IP Adresi : ::1 - PATH : /api/v1/person/delete/6867ae39f05fc273ec8abd5a - BODY : [object Object] - PARAMS : {} - QUERY : {} - MIDDLEWARE ACCESS TIME : function now() { [native code] } - URL : /api/v1/person/delete/6867ae39f05fc273ec8abd5a","timestamp":"2025-07-04T13:42:16.061Z"}
{"api":"NODE SERVER","label":"Uygulama V1","level":"\u001b[31merror\u001b[39m","message":"IP Adresi : ::1 - PATH : /delete/6867ae39f05fc273ec8abd5a - BODY : {\"name\":\"Tarık\",\"surname\":\"Yılmaz\",\"birthDate\":\"538570800000\",\"gender\":\"E\",\"salary\":\"50000\",\"tcNumber\":\"24191060216\",\"email\":\"tarı2@mail.com\",\"password\":\"12345678\",\"country\":\"Turkey\",\"city\":\"Ankara\",\"company\":\"68664ccd8645cb8dc2b0d1ac\",\"title\":\"6867922614978f43490cf973\"} - PARAMS : {\"id\":\"6867ae39f05fc273ec8abd5a\"} - QUERY : {} - ERROR TİME : 1751636536087 - URL : /delete/6867ae39f05fc273ec8abd5a - ERROR MESSAGE : TypeError: titleDal.updateById is not a function - ERROR CALLSTACK : {}- CUSTOM-INFO : undefined","timestamp":"2025-07-04T13:42:16.087Z"}
{"api":"NODE SERVER","label":"Uygulama V1","level":"\u001b[32minfo\u001b[39m","message":"Connected to MongoDB","timestamp":"2025-07-04T13:42:34.865Z"}
{"api":"NODE SERVER","label":"Uygulama V1","level":"\u001b[32minfo\u001b[39m","message":"Connected to MongoDB","timestamp":"2025-07-04T13:42:42.351Z"}
{"api":"NODE SERVER","label":"Uygulama V1","level":"\u001b[32minfo\u001b[39m","message":"IP Adresi : ::1 - PATH : /api/v1/person/delete/6867b10d6a5b57413b916e3d - BODY : [object Object] - PARAMS : {} - QUERY : {} - MIDDLEWARE ACCESS TIME : function now() { [native code] } - URL : /api/v1/person/delete/6867b10d6a5b57413b916e3d","timestamp":"2025-07-04T13:42:59.699Z"}
{"api":"NODE SERVER","label":"Uygulama V1","level":"\u001b[32minfo\u001b[39m","message":"IP Adresi : ::1 - PATH : /api/v1/person/create - BODY : [object Object] - PARAMS : {} - QUERY : {} - MIDDLEWARE ACCESS TIME : function now() { [native code] } - URL : /api/v1/person/create","timestamp":"2025-07-04T13:43:40.757Z"}
