{"api":"NODE SERVER","label":"Uygulama V1","level":"\u001b[32minfo\u001b[39m","message":"Connected to MongoDB","timestamp":"2025-07-05T07:44:50.078Z"}
{"api":"NODE SERVER","label":"Uygulama V1","level":"\u001b[32minfo\u001b[39m","message":"Connected to MongoDB","timestamp":"2025-07-05T07:45:07.888Z"}
{"api":"NODE SERVER","label":"Uygulama V1","level":"\u001b[32minfo\u001b[39m","message":"Connected to MongoDB","timestamp":"2025-07-05T07:45:40.800Z"}
{"api":"NODE SERVER","label":"Uygulama V1","level":"\u001b[32minfo\u001b[39m","message":"Connected to MongoDB","timestamp":"2025-07-05T07:45:45.204Z"}
{"api":"NODE SERVER","label":"Uygulama V1","level":"\u001b[32minfo\u001b[39m","message":"Connected to MongoDB","timestamp":"2025-07-05T07:46:30.707Z"}
{"api":"NODE SERVER","label":"Uygulama V1","level":"\u001b[32minfo\u001b[39m","message":"IP Adresi : ::1 - PATH : /api/v1/person/uploadAvatar - BODY : undefined - PARAMS : {} - QUERY : {\"id\":\"6867da8cb5f776ad17d15dd9\"} - MIDDLEWARE ACCESS TIME : function now() { [native code] } - URL : /api/v1/person/uploadAvatar?id=6867da8cb5f776ad17d15dd9","timestamp":"2025-07-05T07:50:15.210Z"}
{"api":"NODE SERVER","label":"Uygulama V1","level":"\u001b[32minfo\u001b[39m","message":"Connected to MongoDB","timestamp":"2025-07-05T07:53:28.968Z"}
{"api":"NODE SERVER","label":"Uygulama V1","level":"\u001b[32minfo\u001b[39m","message":"IP Adresi : ::1 - PATH : /api/v1/person/updateCv - BODY : undefined - PARAMS : {} - QUERY : {\"id\":\"6867da8cb5f776ad17d15dd9\"} - MIDDLEWARE ACCESS TIME : function now() { [native code] } - URL : /api/v1/person/updateCv?id=6867da8cb5f776ad17d15dd9","timestamp":"2025-07-05T07:53:37.209Z"}
{"api":"NODE SERVER","label":"Uygulama V1","level":"\u001b[32minfo\u001b[39m","message":"Connected to MongoDB","timestamp":"2025-07-05T07:56:30.780Z"}
{"api":"NODE SERVER","label":"Uygulama V1","level":"\u001b[32minfo\u001b[39m","message":"Connected to MongoDB","timestamp":"2025-07-05T07:56:50.069Z"}
{"api":"NODE SERVER","label":"Uygulama V1","level":"\u001b[32minfo\u001b[39m","message":"Connected to MongoDB","timestamp":"2025-07-05T07:59:01.739Z"}
{"api":"NODE SERVER","label":"Uygulama V1","level":"\u001b[32minfo\u001b[39m","message":"Connected to MongoDB","timestamp":"2025-07-05T07:59:21.901Z"}
{"api":"NODE SERVER","label":"Uygulama V1","level":"\u001b[32minfo\u001b[39m","message":"Connected to MongoDB","timestamp":"2025-07-05T07:59:25.606Z"}
{"api":"NODE SERVER","label":"Uygulama V1","level":"\u001b[32minfo\u001b[39m","message":"Connected to MongoDB","timestamp":"2025-07-05T07:59:42.921Z"}
{"api":"NODE SERVER","label":"Uygulama V1","level":"\u001b[32minfo\u001b[39m","message":"Connected to MongoDB","timestamp":"2025-07-05T08:00:05.940Z"}
{"api":"NODE SERVER","label":"Uygulama V1","level":"\u001b[32minfo\u001b[39m","message":"IP Adresi : ::1 - PATH : /api/v1/person/updateAvatar - BODY : undefined - PARAMS : {} - QUERY : {\"id\":\"6867da8cb5f776ad17d15dd9\"} - MIDDLEWARE ACCESS TIME : function now() { [native code] } - URL : /api/v1/person/updateAvatar?id=6867da8cb5f776ad17d15dd9","timestamp":"2025-07-05T08:01:55.247Z"}
{"api":"NODE SERVER","label":"Uygulama V1","level":"\u001b[32minfo\u001b[39m","message":"Connected to MongoDB","timestamp":"2025-07-05T08:07:30.999Z"}
{"api":"NODE SERVER","label":"Uygulama V1","level":"\u001b[32minfo\u001b[39m","message":"Connected to MongoDB","timestamp":"2025-07-05T08:07:55.908Z"}
{"api":"NODE SERVER","label":"Uygulama V1","level":"\u001b[32minfo\u001b[39m","message":"Connected to MongoDB","timestamp":"2025-07-05T08:08:03.062Z"}
{"api":"NODE SERVER","label":"Uygulama V1","level":"\u001b[32minfo\u001b[39m","message":"Connected to MongoDB","timestamp":"2025-07-05T08:08:30.016Z"}
{"api":"NODE SERVER","label":"Uygulama V1","level":"\u001b[32minfo\u001b[39m","message":"Connected to MongoDB","timestamp":"2025-07-05T08:08:45.879Z"}
{"api":"NODE SERVER","label":"Uygulama V1","level":"\u001b[32minfo\u001b[39m","message":"Connected to MongoDB","timestamp":"2025-07-05T08:08:59.683Z"}
{"api":"NODE SERVER","label":"Uygulama V1","level":"\u001b[32minfo\u001b[39m","message":"Connected to MongoDB","timestamp":"2025-07-05T08:09:02.290Z"}
{"api":"NODE SERVER","label":"Uygulama V1","level":"\u001b[32minfo\u001b[39m","message":"Connected to MongoDB","timestamp":"2025-07-05T08:09:51.856Z"}
{"api":"NODE SERVER","label":"Uygulama V1","level":"\u001b[32minfo\u001b[39m","message":"Connected to MongoDB","timestamp":"2025-07-05T08:09:55.724Z"}
{"api":"NODE SERVER","label":"Uygulama V1","level":"\u001b[32minfo\u001b[39m","message":"Connected to MongoDB","timestamp":"2025-07-05T08:09:57.762Z"}
{"api":"NODE SERVER","label":"Uygulama V1","level":"\u001b[32minfo\u001b[39m","message":"Connected to MongoDB","timestamp":"2025-07-05T08:09:59.981Z"}
{"api":"NODE SERVER","label":"Uygulama V1","level":"\u001b[32minfo\u001b[39m","message":"Connected to MongoDB","timestamp":"2025-07-05T08:10:07.503Z"}
{"api":"NODE SERVER","label":"Uygulama V1","level":"\u001b[32minfo\u001b[39m","message":"Connected to MongoDB","timestamp":"2025-07-05T08:10:11.763Z"}
{"api":"NODE SERVER","label":"Uygulama V1","level":"\u001b[32minfo\u001b[39m","message":"Connected to MongoDB","timestamp":"2025-07-05T08:10:16.116Z"}
{"api":"NODE SERVER","label":"Uygulama V1","level":"\u001b[32minfo\u001b[39m","message":"Connected to MongoDB","timestamp":"2025-07-05T08:10:17.904Z"}
{"api":"NODE SERVER","label":"Uygulama V1","level":"\u001b[32minfo\u001b[39m","message":"Connected to MongoDB","timestamp":"2025-07-05T08:10:26.751Z"}
{"api":"NODE SERVER","label":"Uygulama V1","level":"\u001b[32minfo\u001b[39m","message":"Connected to MongoDB","timestamp":"2025-07-05T08:14:54.578Z"}
{"api":"NODE SERVER","label":"Uygulama V1","level":"\u001b[32minfo\u001b[39m","message":"Connected to MongoDB","timestamp":"2025-07-05T08:15:26.864Z"}
{"api":"NODE SERVER","label":"Uygulama V1","level":"\u001b[32minfo\u001b[39m","message":"Connected to MongoDB","timestamp":"2025-07-05T08:15:30.563Z"}
{"api":"NODE SERVER","label":"Uygulama V1","level":"\u001b[32minfo\u001b[39m","message":"Connected to MongoDB","timestamp":"2025-07-05T08:15:32.548Z"}
{"api":"NODE SERVER","label":"Uygulama V1","level":"\u001b[32minfo\u001b[39m","message":"Connected to MongoDB","timestamp":"2025-07-05T08:15:40.305Z"}
{"api":"NODE SERVER","label":"Uygulama V1","level":"\u001b[32minfo\u001b[39m","message":"Connected to MongoDB","timestamp":"2025-07-05T08:15:42.115Z"}
{"api":"NODE SERVER","label":"Uygulama V1","level":"\u001b[32minfo\u001b[39m","message":"Connected to MongoDB","timestamp":"2025-07-05T08:15:45.388Z"}
{"api":"NODE SERVER","label":"Uygulama V1","level":"\u001b[32minfo\u001b[39m","message":"Connected to MongoDB","timestamp":"2025-07-05T08:15:49.092Z"}
{"api":"NODE SERVER","label":"Uygulama V1","level":"\u001b[32minfo\u001b[39m","message":"IP Adresi : ::1 - PATH : /api/v1/person/create - BODY : [object Object] - PARAMS : {} - QUERY : {} - MIDDLEWARE ACCESS TIME : function now() { [native code] } - URL : /api/v1/person/create","timestamp":"2025-07-05T08:17:10.994Z"}
{"api":"NODE SERVER","label":"Uygulama V1","level":"\u001b[32minfo\u001b[39m","message":"IP Adresi : ::1 - PATH : /api/v1/person/create - BODY : [object Object] - PARAMS : {} - QUERY : {} - MIDDLEWARE ACCESS TIME : function now() { [native code] } - URL : /api/v1/person/create","timestamp":"2025-07-05T08:17:23.367Z"}
{"api":"NODE SERVER","label":"Uygulama V1","level":"\u001b[31merror\u001b[39m","message":"IP Adresi : ::1 - PATH : /create - BODY : {\"name\":\"Ahmet\",\"surname\":\"Dağcı\",\"birthDate\":\"538570800000\",\"gender\":\"E\",\"salary\":\"50000\",\"tcNumber\":\"24191060216\",\"email\":\"ahmet@mail.com\",\"password\":\"12345678\",\"country\":\"Turkey\",\"city\":\"Ankara\",\"company\":\"68664ccd8645cb8dc2b0d1ac\",\"title\":\"6867922614978f43490cf973\"} - PARAMS : {} - QUERY : {} - ERROR TİME : 1751703443372 - URL : /create - ERROR MESSAGE : ReferenceError: Cannot access 'title' before initialization - ERROR CALLSTACK : {}- CUSTOM-INFO : undefined","timestamp":"2025-07-05T08:17:23.372Z"}
{"api":"NODE SERVER","label":"Uygulama V1","level":"\u001b[32minfo\u001b[39m","message":"Connected to MongoDB","timestamp":"2025-07-05T08:18:56.012Z"}
{"api":"NODE SERVER","label":"Uygulama V1","level":"\u001b[32minfo\u001b[39m","message":"Connected to MongoDB","timestamp":"2025-07-05T08:19:18.260Z"}
{"api":"NODE SERVER","label":"Uygulama V1","level":"\u001b[32minfo\u001b[39m","message":"Connected to MongoDB","timestamp":"2025-07-05T08:19:51.504Z"}
{"api":"NODE SERVER","label":"Uygulama V1","level":"\u001b[32minfo\u001b[39m","message":"IP Adresi : ::1 - PATH : /api/v1/person/create - BODY : [object Object] - PARAMS : {} - QUERY : {} - MIDDLEWARE ACCESS TIME : function now() { [native code] } - URL : /api/v1/person/create","timestamp":"2025-07-05T08:20:00.763Z"}
{"api":"NODE SERVER","label":"Uygulama V1","level":"\u001b[31merror\u001b[39m","message":"IP Adresi : ::1 - PATH : /create - BODY : {\"name\":\"Ahmet\",\"surname\":\"Dağcı\",\"birthDate\":\"538570800000\",\"gender\":\"E\",\"salary\":\"50000\",\"tcNumber\":\"24191060216\",\"email\":\"ahmet@mail.com\",\"password\":\"12345678\",\"country\":\"Turkey\",\"city\":\"Ankara\",\"company\":\"68664ccd8645cb8dc2b0d1ac\",\"title\":\"6867922614978f43490cf973\"} - PARAMS : {} - QUERY : {} - ERROR TİME : 1751703600785 - URL : /create - ERROR MESSAGE : ReferenceError: Cannot access 'title' before initialization - ERROR CALLSTACK : {}- CUSTOM-INFO : undefined","timestamp":"2025-07-05T08:20:00.785Z"}
{"api":"NODE SERVER","label":"Uygulama V1","level":"\u001b[32minfo\u001b[39m","message":"Connected to MongoDB","timestamp":"2025-07-05T08:21:41.740Z"}
{"api":"NODE SERVER","label":"Uygulama V1","level":"\u001b[32minfo\u001b[39m","message":"Connected to MongoDB","timestamp":"2025-07-05T08:21:45.414Z"}
{"api":"NODE SERVER","label":"Uygulama V1","level":"\u001b[32minfo\u001b[39m","message":"Connected to MongoDB","timestamp":"2025-07-05T08:21:47.483Z"}
{"api":"NODE SERVER","label":"Uygulama V1","level":"\u001b[32minfo\u001b[39m","message":"IP Adresi : ::1 - PATH : /api/v1/person/create - BODY : [object Object] - PARAMS : {} - QUERY : {} - MIDDLEWARE ACCESS TIME : function now() { [native code] } - URL : /api/v1/person/create","timestamp":"2025-07-05T08:21:50.734Z"}
{"api":"NODE SERVER","label":"Uygulama V1","level":"\u001b[31merror\u001b[39m","message":"IP Adresi : ::1 - PATH : /create - BODY : {\"name\":\"Ahmet\",\"surname\":\"Dağcı\",\"birthDate\":\"538570800000\",\"gender\":\"E\",\"salary\":\"50000\",\"tcNumber\":\"24191060216\",\"email\":\"ahmet@mail.com\",\"password\":\"12345678\",\"country\":\"Turkey\",\"city\":\"Ankara\",\"company\":\"68664ccd8645cb8dc2b0d1ac\",\"title\":\"6867922614978f43490cf973\"} - PARAMS : {} - QUERY : {} - ERROR TİME : 1751703710753 - URL : /create - ERROR MESSAGE : ReferenceError: Cannot access 'title' before initialization - ERROR CALLSTACK : {}- CUSTOM-INFO : undefined","timestamp":"2025-07-05T08:21:50.753Z"}
{"api":"NODE SERVER","label":"Uygulama V1","level":"\u001b[32minfo\u001b[39m","message":"Connected to MongoDB","timestamp":"2025-07-05T08:22:09.565Z"}
{"api":"NODE SERVER","label":"Uygulama V1","level":"\u001b[32minfo\u001b[39m","message":"Connected to MongoDB","timestamp":"2025-07-05T08:22:23.684Z"}
{"api":"NODE SERVER","label":"Uygulama V1","level":"\u001b[32minfo\u001b[39m","message":"Connected to MongoDB","timestamp":"2025-07-05T08:22:26.576Z"}
{"api":"NODE SERVER","label":"Uygulama V1","level":"\u001b[32minfo\u001b[39m","message":"Connected to MongoDB","timestamp":"2025-07-05T08:22:32.942Z"}
{"api":"NODE SERVER","label":"Uygulama V1","level":"\u001b[32minfo\u001b[39m","message":"Connected to MongoDB","timestamp":"2025-07-05T08:22:35.401Z"}
{"api":"NODE SERVER","label":"Uygulama V1","level":"\u001b[32minfo\u001b[39m","message":"Connected to MongoDB","timestamp":"2025-07-05T08:22:37.411Z"}
{"api":"NODE SERVER","label":"Uygulama V1","level":"\u001b[32minfo\u001b[39m","message":"Connected to MongoDB","timestamp":"2025-07-05T08:22:42.075Z"}
{"api":"NODE SERVER","label":"Uygulama V1","level":"\u001b[32minfo\u001b[39m","message":"IP Adresi : ::1 - PATH : /api/v1/person/create - BODY : [object Object] - PARAMS : {} - QUERY : {} - MIDDLEWARE ACCESS TIME : function now() { [native code] } - URL : /api/v1/person/create","timestamp":"2025-07-05T08:22:53.361Z"}
{"api":"NODE SERVER","label":"Uygulama V1","level":"\u001b[31merror\u001b[39m","message":"IP Adresi : ::1 - PATH : /create - BODY : {\"name\":\"Ahmet\",\"surname\":\"Dağcı\",\"birthDate\":\"538570800000\",\"gender\":\"E\",\"salary\":\"50000\",\"tcNumber\":\"24191060216\",\"email\":\"ahmet@mail.com\",\"password\":\"12345678\",\"country\":\"Turkey\",\"city\":\"Ankara\",\"company\":\"68664ccd8645cb8dc2b0d1ac\",\"title\":\"6867922614978f43490cf973\"} - PARAMS : {} - QUERY : {} - ERROR TİME : 1751703773378 - URL : /create - ERROR MESSAGE : ReferenceError: Cannot access 'title' before initialization - ERROR CALLSTACK : {}- CUSTOM-INFO : undefined","timestamp":"2025-07-05T08:22:53.378Z"}
{"api":"NODE SERVER","label":"Uygulama V1","level":"\u001b[32minfo\u001b[39m","message":"IP Adresi : ::1 - PATH : /api/v1/person/create - BODY : [object Object] - PARAMS : {} - QUERY : {} - MIDDLEWARE ACCESS TIME : function now() { [native code] } - URL : /api/v1/person/create","timestamp":"2025-07-05T08:22:59.225Z"}
{"api":"NODE SERVER","label":"Uygulama V1","level":"\u001b[31merror\u001b[39m","message":"IP Adresi : ::1 - PATH : /create - BODY : {\"name\":\"Ahmet\",\"surname\":\"Dağcı\",\"birthDate\":\"538570800000\",\"gender\":\"E\",\"salary\":\"50000\",\"tcNumber\":\"24191060216\",\"email\":\"ahmet@mail.com\",\"password\":\"12345678\",\"country\":\"Turkey\",\"city\":\"Ankara\",\"company\":\"68664ccd8645cb8dc2b0d1ac\",\"title\":\"6867922614978f43490cf973\"} - PARAMS : {} - QUERY : {} - ERROR TİME : 1751703779229 - URL : /create - ERROR MESSAGE : ReferenceError: Cannot access 'title' before initialization - ERROR CALLSTACK : {}- CUSTOM-INFO : undefined","timestamp":"2025-07-05T08:22:59.229Z"}
{"api":"NODE SERVER","label":"Uygulama V1","level":"\u001b[32minfo\u001b[39m","message":"IP Adresi : ::1 - PATH : /api/v1/person/create - BODY : [object Object] - PARAMS : {} - QUERY : {} - MIDDLEWARE ACCESS TIME : function now() { [native code] } - URL : /api/v1/person/create","timestamp":"2025-07-05T08:23:05.351Z"}
{"api":"NODE SERVER","label":"Uygulama V1","level":"\u001b[31merror\u001b[39m","message":"IP Adresi : ::1 - PATH : /create - BODY : {\"name\":\"Ahmet\",\"surname\":\"Dağcı\",\"birthDate\":\"538570800000\",\"gender\":\"E\",\"salary\":\"50000\",\"tcNumber\":\"24191060216\",\"email\":\"ahmet@mail.com\",\"password\":\"12345678\",\"country\":\"Turkey\",\"city\":\"Ankara\",\"company\":\"68664ccd8645cb8dc2b0d1ac\",\"title\":\"6867922614978f43490cf973\"} - PARAMS : {} - QUERY : {} - ERROR TİME : 1751703785356 - URL : /create - ERROR MESSAGE : ReferenceError: Cannot access 'title' before initialization - ERROR CALLSTACK : {}- CUSTOM-INFO : undefined","timestamp":"2025-07-05T08:23:05.356Z"}
{"api":"NODE SERVER","label":"Uygulama V1","level":"\u001b[32minfo\u001b[39m","message":"Connected to MongoDB","timestamp":"2025-07-05T08:23:25.827Z"}
{"api":"NODE SERVER","label":"Uygulama V1","level":"\u001b[32minfo\u001b[39m","message":"IP Adresi : ::1 - PATH : /api/v1/person/create - BODY : [object Object] - PARAMS : {} - QUERY : {} - MIDDLEWARE ACCESS TIME : function now() { [native code] } - URL : /api/v1/person/create","timestamp":"2025-07-05T08:23:29.339Z"}
{"api":"NODE SERVER","label":"Uygulama V1","level":"\u001b[32minfo\u001b[39m","message":"Connected to MongoDB","timestamp":"2025-07-05T08:23:51.502Z"}
{"api":"NODE SERVER","label":"Uygulama V1","level":"\u001b[32minfo\u001b[39m","message":"IP Adresi : ::1 - PATH : /api/v1/person/create - BODY : [object Object] - PARAMS : {} - QUERY : {} - MIDDLEWARE ACCESS TIME : function now() { [native code] } - URL : /api/v1/person/create","timestamp":"2025-07-05T08:23:55.305Z"}
{"api":"NODE SERVER","label":"Uygulama V1","level":"\u001b[32minfo\u001b[39m","message":"Connected to MongoDB","timestamp":"2025-07-05T08:24:55.977Z"}
{"api":"NODE SERVER","label":"Uygulama V1","level":"\u001b[32minfo\u001b[39m","message":"Connected to MongoDB","timestamp":"2025-07-05T08:25:35.563Z"}
{"api":"NODE SERVER","label":"Uygulama V1","level":"\u001b[32minfo\u001b[39m","message":"Connected to MongoDB","timestamp":"2025-07-05T08:25:51.415Z"}
{"api":"NODE SERVER","label":"Uygulama V1","level":"\u001b[32minfo\u001b[39m","message":"Connected to MongoDB","timestamp":"2025-07-05T08:26:12.527Z"}
{"api":"NODE SERVER","label":"Uygulama V1","level":"\u001b[32minfo\u001b[39m","message":"Connected to MongoDB","timestamp":"2025-07-05T08:26:14.463Z"}
{"api":"NODE SERVER","label":"Uygulama V1","level":"\u001b[32minfo\u001b[39m","message":"Connected to MongoDB","timestamp":"2025-07-05T08:26:19.038Z"}
{"api":"NODE SERVER","label":"Uygulama V1","level":"\u001b[32minfo\u001b[39m","message":"Connected to MongoDB","timestamp":"2025-07-05T08:26:25.497Z"}
{"api":"NODE SERVER","label":"Uygulama V1","level":"\u001b[32minfo\u001b[39m","message":"Connected to MongoDB","timestamp":"2025-07-05T08:26:30.018Z"}
{"api":"NODE SERVER","label":"Uygulama V1","level":"\u001b[32minfo\u001b[39m","message":"Connected to MongoDB","timestamp":"2025-07-05T08:26:32.509Z"}
{"api":"NODE SERVER","label":"Uygulama V1","level":"\u001b[32minfo\u001b[39m","message":"Connected to MongoDB","timestamp":"2025-07-05T08:27:15.238Z"}
{"api":"NODE SERVER","label":"Uygulama V1","level":"\u001b[32minfo\u001b[39m","message":"Connected to MongoDB","timestamp":"2025-07-05T08:27:19.566Z"}
{"api":"NODE SERVER","label":"Uygulama V1","level":"\u001b[32minfo\u001b[39m","message":"Connected to MongoDB","timestamp":"2025-07-05T08:27:27.968Z"}
{"api":"NODE SERVER","label":"Uygulama V1","level":"\u001b[32minfo\u001b[39m","message":"Connected to MongoDB","timestamp":"2025-07-05T08:27:31.484Z"}
{"api":"NODE SERVER","label":"Uygulama V1","level":"\u001b[32minfo\u001b[39m","message":"Connected to MongoDB","timestamp":"2025-07-05T08:27:33.609Z"}
{"api":"NODE SERVER","label":"Uygulama V1","level":"\u001b[32minfo\u001b[39m","message":"Connected to MongoDB","timestamp":"2025-07-05T08:27:38.664Z"}
{"api":"NODE SERVER","label":"Uygulama V1","level":"\u001b[32minfo\u001b[39m","message":"IP Adresi : ::1 - PATH : /api/v1/person/create - BODY : [object Object] - PARAMS : {} - QUERY : {} - MIDDLEWARE ACCESS TIME : function now() { [native code] } - URL : /api/v1/person/create","timestamp":"2025-07-05T08:28:18.850Z"}
{"api":"NODE SERVER","label":"Uygulama V1","level":"\u001b[32minfo\u001b[39m","message":"Connected to MongoDB","timestamp":"2025-07-05T08:32:09.407Z"}
{"api":"NODE SERVER","label":"Uygulama V1","level":"\u001b[32minfo\u001b[39m","message":"IP Adresi : ::1 - PATH : /api/v1/person/delete/6868e222998e5f1d880c13a2 - BODY : [object Object] - PARAMS : {} - QUERY : {} - MIDDLEWARE ACCESS TIME : function now() { [native code] } - URL : /api/v1/person/delete/6868e222998e5f1d880c13a2","timestamp":"2025-07-05T08:33:02.128Z"}
{"api":"NODE SERVER","label":"Uygulama V1","level":"\u001b[32minfo\u001b[39m","message":"IP Adresi : ::1 - PATH : /api/v1/person/create - BODY : [object Object] - PARAMS : {} - QUERY : {} - MIDDLEWARE ACCESS TIME : function now() { [native code] } - URL : /api/v1/person/create","timestamp":"2025-07-05T08:35:28.991Z"}
{"api":"NODE SERVER","label":"Uygulama V1","level":"\u001b[32minfo\u001b[39m","message":"IP Adresi : ::1 - PATH : /api/v1/person/delete/6868e3d1bfe4ff44c9b37ebf - BODY : [object Object] - PARAMS : {} - QUERY : {} - MIDDLEWARE ACCESS TIME : function now() { [native code] } - URL : /api/v1/person/delete/6868e3d1bfe4ff44c9b37ebf","timestamp":"2025-07-05T08:36:33.564Z"}
{"api":"NODE SERVER","label":"Uygulama V1","level":"\u001b[32minfo\u001b[39m","message":"IP Adresi : ::1 - PATH : /api/v1/person/create - BODY : [object Object] - PARAMS : {} - QUERY : {} - MIDDLEWARE ACCESS TIME : function now() { [native code] } - URL : /api/v1/person/create","timestamp":"2025-07-05T08:48:42.474Z"}
{"api":"NODE SERVER","label":"Uygulama V1","level":"\u001b[32minfo\u001b[39m","message":"IP Adresi : ::1 - PATH : /api/v1/person/delete/6868e6eabfe4ff44c9b37ecc - BODY : [object Object] - PARAMS : {} - QUERY : {} - MIDDLEWARE ACCESS TIME : function now() { [native code] } - URL : /api/v1/person/delete/6868e6eabfe4ff44c9b37ecc","timestamp":"2025-07-05T08:49:54.305Z"}
{"api":"NODE SERVER","label":"Uygulama V1","level":"\u001b[32minfo\u001b[39m","message":"Connected to MongoDB","timestamp":"2025-07-05T08:52:04.144Z"}
{"api":"NODE SERVER","label":"Uygulama V1","level":"\u001b[32minfo\u001b[39m","message":"Connected to MongoDB","timestamp":"2025-07-05T08:52:12.836Z"}
{"api":"NODE SERVER","label":"Uygulama V1","level":"\u001b[32minfo\u001b[39m","message":"Connected to MongoDB","timestamp":"2025-07-05T08:52:15.350Z"}
{"api":"NODE SERVER","label":"Uygulama V1","level":"\u001b[32minfo\u001b[39m","message":"Connected to MongoDB","timestamp":"2025-07-05T08:52:17.780Z"}
{"api":"NODE SERVER","label":"Uygulama V1","level":"\u001b[32minfo\u001b[39m","message":"Connected to MongoDB","timestamp":"2025-07-05T08:52:22.766Z"}
{"api":"NODE SERVER","label":"Uygulama V1","level":"\u001b[32minfo\u001b[39m","message":"IP Adresi : ::1 - PATH : /api/v1/person/create - BODY : [object Object] - PARAMS : {} - QUERY : {} - MIDDLEWARE ACCESS TIME : function now() { [native code] } - URL : /api/v1/person/create","timestamp":"2025-07-05T08:52:37.374Z"}
{"api":"NODE SERVER","label":"Uygulama V1","level":"\u001b[32minfo\u001b[39m","message":"IP Adresi : ::1 - PATH : /api/v1/person/delete/6868e7d55ab2dad93a3f57c5 - BODY : [object Object] - PARAMS : {} - QUERY : {} - MIDDLEWARE ACCESS TIME : function now() { [native code] } - URL : /api/v1/person/delete/6868e7d55ab2dad93a3f57c5","timestamp":"2025-07-05T08:53:03.621Z"}
{"api":"NODE SERVER","label":"Uygulama V1","level":"\u001b[32minfo\u001b[39m","message":"Connected to MongoDB","timestamp":"2025-07-05T08:55:07.402Z"}
{"api":"NODE SERVER","label":"Uygulama V1","level":"\u001b[32minfo\u001b[39m","message":"IP Adresi : ::1 - PATH : /api/v1/person/create - BODY : [object Object] - PARAMS : {} - QUERY : {} - MIDDLEWARE ACCESS TIME : function now() { [native code] } - URL : /api/v1/person/create","timestamp":"2025-07-05T08:55:57.363Z"}
{"api":"NODE SERVER","label":"Uygulama V1","level":"\u001b[32minfo\u001b[39m","message":"Connected to MongoDB","timestamp":"2025-07-05T08:57:20.944Z"}
{"api":"NODE SERVER","label":"Uygulama V1","level":"\u001b[32minfo\u001b[39m","message":"Connected to MongoDB","timestamp":"2025-07-05T08:57:23.219Z"}
{"api":"NODE SERVER","label":"Uygulama V1","level":"\u001b[32minfo\u001b[39m","message":"Connected to MongoDB","timestamp":"2025-07-05T08:57:28.852Z"}
{"api":"NODE SERVER","label":"Uygulama V1","level":"\u001b[32minfo\u001b[39m","message":"Connected to MongoDB","timestamp":"2025-07-05T08:57:32.974Z"}
{"api":"NODE SERVER","label":"Uygulama V1","level":"\u001b[32minfo\u001b[39m","message":"Connected to MongoDB","timestamp":"2025-07-05T08:57:42.294Z"}
{"api":"NODE SERVER","label":"Uygulama V1","level":"\u001b[32minfo\u001b[39m","message":"IP Adresi : ::1 - PATH : /api/v1/person/delete/6868e89dddeac91344a94b93 - BODY : [object Object] - PARAMS : {} - QUERY : {} - MIDDLEWARE ACCESS TIME : function now() { [native code] } - URL : /api/v1/person/delete/6868e89dddeac91344a94b93","timestamp":"2025-07-05T08:58:12.201Z"}
{"api":"NODE SERVER","label":"Uygulama V1","level":"\u001b[32minfo\u001b[39m","message":"IP Adresi : ::1 - PATH : /api/v1/person/delete/6868e89dddeac91344a94b93 - BODY : [object Object] - PARAMS : {} - QUERY : {} - MIDDLEWARE ACCESS TIME : function now() { [native code] } - URL : /api/v1/person/delete/6868e89dddeac91344a94b93","timestamp":"2025-07-05T08:58:17.215Z"}
{"api":"NODE SERVER","label":"Uygulama V1","level":"\u001b[32minfo\u001b[39m","message":"Connected to MongoDB","timestamp":"2025-07-05T09:00:05.371Z"}
{"api":"NODE SERVER","label":"Uygulama V1","level":"\u001b[32minfo\u001b[39m","message":"Connected to MongoDB","timestamp":"2025-07-05T09:00:09.027Z"}
{"api":"NODE SERVER","label":"Uygulama V1","level":"\u001b[32minfo\u001b[39m","message":"Connected to MongoDB","timestamp":"2025-07-05T09:00:10.864Z"}
{"api":"NODE SERVER","label":"Uygulama V1","level":"\u001b[32minfo\u001b[39m","message":"IP Adresi : ::1 - PATH : /api/v1/person/create - BODY : [object Object] - PARAMS : {} - QUERY : {} - MIDDLEWARE ACCESS TIME : function now() { [native code] } - URL : /api/v1/person/create","timestamp":"2025-07-05T09:00:36.646Z"}
{"api":"NODE SERVER","label":"Uygulama V1","level":"\u001b[32minfo\u001b[39m","message":"IP Adresi : ::1 - PATH : /api/v1/person/delete/6868e9b4eb5f938462d523a9 - BODY : [object Object] - PARAMS : {} - QUERY : {} - MIDDLEWARE ACCESS TIME : function now() { [native code] } - URL : /api/v1/person/delete/6868e9b4eb5f938462d523a9","timestamp":"2025-07-05T09:01:11.646Z"}
{"api":"NODE SERVER","label":"Uygulama V1","level":"\u001b[32minfo\u001b[39m","message":"Connected to MongoDB","timestamp":"2025-07-05T09:05:01.197Z"}
{"api":"NODE SERVER","label":"Uygulama V1","level":"\u001b[32minfo\u001b[39m","message":"Connected to MongoDB","timestamp":"2025-07-05T09:05:04.579Z"}
{"api":"NODE SERVER","label":"Uygulama V1","level":"\u001b[32minfo\u001b[39m","message":"IP Adresi : ::1 - PATH : /api/v1/person/create - BODY : [object Object] - PARAMS : {} - QUERY : {} - MIDDLEWARE ACCESS TIME : function now() { [native code] } - URL : /api/v1/person/create","timestamp":"2025-07-05T09:05:50.830Z"}
{"api":"NODE SERVER","label":"Uygulama V1","level":"\u001b[32minfo\u001b[39m","message":"IP Adresi : ::1 - PATH : /api/v1/person/delete/6868eaee4d48d13c48f35036 - BODY : [object Object] - PARAMS : {} - QUERY : {} - MIDDLEWARE ACCESS TIME : function now() { [native code] } - URL : /api/v1/person/delete/6868eaee4d48d13c48f35036","timestamp":"2025-07-05T09:06:17.419Z"}
{"api":"NODE SERVER","label":"Uygulama V1","level":"\u001b[32minfo\u001b[39m","message":"Connected to MongoDB","timestamp":"2025-07-05T09:06:34.221Z"}
{"api":"NODE SERVER","label":"Uygulama V1","level":"\u001b[32minfo\u001b[39m","message":"Connected to MongoDB","timestamp":"2025-07-05T09:11:34.805Z"}
{"api":"NODE SERVER","label":"Uygulama V1","level":"\u001b[32minfo\u001b[39m","message":"Connected to MongoDB","timestamp":"2025-07-05T09:12:46.434Z"}
{"api":"NODE SERVER","label":"Uygulama V1","level":"\u001b[32minfo\u001b[39m","message":"Connected to MongoDB","timestamp":"2025-07-05T09:12:52.527Z"}
{"api":"NODE SERVER","label":"Uygulama V1","level":"\u001b[32minfo\u001b[39m","message":"Connected to MongoDB","timestamp":"2025-07-05T09:13:42.539Z"}
{"api":"NODE SERVER","label":"Uygulama V1","level":"\u001b[32minfo\u001b[39m","message":"Connected to MongoDB","timestamp":"2025-07-05T09:14:25.112Z"}
{"api":"NODE SERVER","label":"Uygulama V1","level":"\u001b[32minfo\u001b[39m","message":"IP Adresi : ::1 - PATH : /api/v1/person/create - BODY : [object Object] - PARAMS : {} - QUERY : {} - MIDDLEWARE ACCESS TIME : function now() { [native code] } - URL : /api/v1/person/create","timestamp":"2025-07-05T09:15:17.001Z"}
{"api":"NODE SERVER","label":"Uygulama V1","level":"\u001b[32minfo\u001b[39m","message":"IP Adresi : ::1 - PATH : /api/v1/company/person/68664ccd8645cb8dc2b0d1ac - BODY : [object Object] - PARAMS : {} - QUERY : {} - MIDDLEWARE ACCESS TIME : function now() { [native code] } - URL : /api/v1/company/person/68664ccd8645cb8dc2b0d1ac","timestamp":"2025-07-05T09:15:59.763Z"}
{"api":"NODE SERVER","label":"Uygulama V1","level":"\u001b[32minfo\u001b[39m","message":"Connected to MongoDB","timestamp":"2025-07-05T09:23:56.072Z"}
{"api":"NODE SERVER","label":"Uygulama V1","level":"\u001b[32minfo\u001b[39m","message":"Connected to MongoDB","timestamp":"2025-07-05T09:24:20.443Z"}
{"api":"NODE SERVER","label":"Uygulama V1","level":"\u001b[32minfo\u001b[39m","message":"Connected to MongoDB","timestamp":"2025-07-05T09:24:44.379Z"}
{"api":"NODE SERVER","label":"Uygulama V1","level":"\u001b[32minfo\u001b[39m","message":"Connected to MongoDB","timestamp":"2025-07-05T09:24:49.276Z"}
{"api":"NODE SERVER","label":"Uygulama V1","level":"\u001b[32minfo\u001b[39m","message":"Connected to MongoDB","timestamp":"2025-07-05T09:26:57.326Z"}
{"api":"NODE SERVER","label":"Uygulama V1","level":"\u001b[32minfo\u001b[39m","message":"Connected to MongoDB","timestamp":"2025-07-05T09:27:20.986Z"}
{"api":"NODE SERVER","label":"Uygulama V1","level":"\u001b[32minfo\u001b[39m","message":"Connected to MongoDB","timestamp":"2025-07-05T09:28:15.989Z"}
{"api":"NODE SERVER","label":"Uygulama V1","level":"\u001b[32minfo\u001b[39m","message":"Connected to MongoDB","timestamp":"2025-07-05T09:28:49.768Z"}
{"api":"NODE SERVER","label":"Uygulama V1","level":"\u001b[32minfo\u001b[39m","message":"Connected to MongoDB","timestamp":"2025-07-05T09:29:02.306Z"}
{"api":"NODE SERVER","label":"Uygulama V1","level":"\u001b[32minfo\u001b[39m","message":"Connected to MongoDB","timestamp":"2025-07-05T09:29:14.618Z"}
{"api":"NODE SERVER","label":"Uygulama V1","level":"\u001b[32minfo\u001b[39m","message":"Connected to MongoDB","timestamp":"2025-07-05T09:29:18.312Z"}
{"api":"NODE SERVER","label":"Uygulama V1","level":"\u001b[32minfo\u001b[39m","message":"Connected to MongoDB","timestamp":"2025-07-05T09:29:31.238Z"}
{"api":"NODE SERVER","label":"Uygulama V1","level":"\u001b[32minfo\u001b[39m","message":"IP Adresi : ::1 - PATH : /api/v1/company/delete - BODY : [object Object] - PARAMS : {} - QUERY : {\"id\":\"68664ccd8645cb8dc2b0d1ac\"} - MIDDLEWARE ACCESS TIME : function now() { [native code] } - URL : /api/v1/company/delete?id=68664ccd8645cb8dc2b0d1ac","timestamp":"2025-07-05T09:31:42.637Z"}
{"api":"NODE SERVER","label":"Uygulama V1","level":"\u001b[32minfo\u001b[39m","message":"Connected to MongoDB","timestamp":"2025-07-05T09:33:15.797Z"}
{"api":"NODE SERVER","label":"Uygulama V1","level":"\u001b[32minfo\u001b[39m","message":"IP Adresi : ::1 - PATH : /api/v1/company/delete - BODY : [object Object] - PARAMS : {} - QUERY : {\"id\":\"68664ccd8645cb8dc2b0d1ac\"} - MIDDLEWARE ACCESS TIME : function now() { [native code] } - URL : /api/v1/company/delete?id=68664ccd8645cb8dc2b0d1ac","timestamp":"2025-07-05T09:33:34.485Z"}
{"api":"NODE SERVER","label":"Uygulama V1","level":"\u001b[32minfo\u001b[39m","message":"IP Adresi : ::1 - PATH : /api/v1/person/create - BODY : [object Object] - PARAMS : {} - QUERY : {} - MIDDLEWARE ACCESS TIME : function now() { [native code] } - URL : /api/v1/person/create","timestamp":"2025-07-05T09:43:21.854Z"}
{"api":"NODE SERVER","label":"Uygulama V1","level":"\u001b[32minfo\u001b[39m","message":"Connected to MongoDB","timestamp":"2025-07-05T09:43:48.437Z"}
{"api":"NODE SERVER","label":"Uygulama V1","level":"\u001b[32minfo\u001b[39m","message":"Connected to MongoDB","timestamp":"2025-07-05T09:43:50.308Z"}
{"api":"NODE SERVER","label":"Uygulama V1","level":"\u001b[32minfo\u001b[39m","message":"IP Adresi : ::1 - PATH : /api/v1/company/delete - BODY : [object Object] - PARAMS : {} - QUERY : {\"id\":\"68664db793ddd6bb161836e1\"} - MIDDLEWARE ACCESS TIME : function now() { [native code] } - URL : /api/v1/company/delete?id=68664db793ddd6bb161836e1","timestamp":"2025-07-05T09:44:27.307Z"}
{"api":"NODE SERVER","label":"Uygulama V1","level":"\u001b[32minfo\u001b[39m","message":"Connected to MongoDB","timestamp":"2025-07-05T09:50:05.600Z"}
{"api":"NODE SERVER","label":"Uygulama V1","level":"\u001b[32minfo\u001b[39m","message":"Connected to MongoDB","timestamp":"2025-07-05T09:50:28.132Z"}
{"api":"NODE SERVER","label":"Uygulama V1","level":"\u001b[32minfo\u001b[39m","message":"Connected to MongoDB","timestamp":"2025-07-05T09:51:40.104Z"}
{"api":"NODE SERVER","label":"Uygulama V1","level":"\u001b[32minfo\u001b[39m","message":"Connected to MongoDB","timestamp":"2025-07-05T09:51:45.845Z"}
{"api":"NODE SERVER","label":"Uygulama V1","level":"\u001b[32minfo\u001b[39m","message":"Connected to MongoDB","timestamp":"2025-07-05T09:52:27.732Z"}
{"api":"NODE SERVER","label":"Uygulama V1","level":"\u001b[32minfo\u001b[39m","message":"Connected to MongoDB","timestamp":"2025-07-05T09:52:55.986Z"}
{"api":"NODE SERVER","label":"Uygulama V1","level":"\u001b[32minfo\u001b[39m","message":"IP Adresi : ::1 - PATH : /api/v1/person/create - BODY : [object Object] - PARAMS : {} - QUERY : {} - MIDDLEWARE ACCESS TIME : function now() { [native code] } - URL : /api/v1/person/create","timestamp":"2025-07-05T09:54:16.623Z"}
{"api":"NODE SERVER","label":"Uygulama V1","level":"\u001b[32minfo\u001b[39m","message":"IP Adresi : ::1 - PATH : /api/v1/title/person/6868f64893bdf661dfb27866 - BODY : [object Object] - PARAMS : {} - QUERY : {} - MIDDLEWARE ACCESS TIME : function now() { [native code] } - URL : /api/v1/title/person/6868f64893bdf661dfb27866","timestamp":"2025-07-05T09:55:04.509Z"}
{"api":"NODE SERVER","label":"Uygulama V1","level":"\u001b[31merror\u001b[39m","message":"IP Adresi : ::1 - PATH : /person/6868f64893bdf661dfb27866 - BODY : {\"name\":\"Sıtkı\",\"surname\":\"Dağcı\",\"birthDate\":\"538570800000\",\"gender\":\"E\",\"salary\":\"50000\",\"tcNumber\":\"24191060216\",\"email\":\"sıtkı@mail.com\",\"password\":\"12345678\",\"country\":\"Turkey\",\"city\":\"Ankara\",\"company\":\"686661e2eed95597fc3689cc\",\"title\":\"6867922614978f43490cf973\"} - PARAMS : {\"id\":\"6868f64893bdf661dfb27866\"} - QUERY : {} - ERROR TİME : 1751709304514 - URL : /person/6868f64893bdf661dfb27866 - ERROR MESSAGE : TypeError: Cannot read properties of null (reading 'persons') - ERROR CALLSTACK : {}- CUSTOM-INFO : undefined","timestamp":"2025-07-05T09:55:04.514Z"}
{"api":"NODE SERVER","label":"Uygulama V1","level":"\u001b[32minfo\u001b[39m","message":"Connected to MongoDB","timestamp":"2025-07-05T09:57:17.122Z"}
{"api":"NODE SERVER","label":"Uygulama V1","level":"\u001b[32minfo\u001b[39m","message":"IP Adresi : ::1 - PATH : /api/v1/title/person/6868f64893bdf661dfb27866 - BODY : [object Object] - PARAMS : {} - QUERY : {} - MIDDLEWARE ACCESS TIME : function now() { [native code] } - URL : /api/v1/title/person/6868f64893bdf661dfb27866","timestamp":"2025-07-05T09:57:20.075Z"}
{"api":"NODE SERVER","label":"Uygulama V1","level":"\u001b[32minfo\u001b[39m","message":"Connected to MongoDB","timestamp":"2025-07-05T09:58:21.738Z"}
{"api":"NODE SERVER","label":"Uygulama V1","level":"\u001b[32minfo\u001b[39m","message":"IP Adresi : ::1 - PATH : /api/v1/title/person/6867922614978f43490cf973 - BODY : [object Object] - PARAMS : {} - QUERY : {} - MIDDLEWARE ACCESS TIME : function now() { [native code] } - URL : /api/v1/title/person/6867922614978f43490cf973","timestamp":"2025-07-05T09:58:26.353Z"}
{"api":"NODE SERVER","label":"Uygulama V1","level":"\u001b[32minfo\u001b[39m","message":"Connected to MongoDB","timestamp":"2025-07-05T10:09:15.000Z"}
{"api":"NODE SERVER","label":"Uygulama V1","level":"\u001b[32minfo\u001b[39m","message":"Connected to MongoDB","timestamp":"2025-07-05T10:09:39.567Z"}
{"api":"NODE SERVER","label":"Uygulama V1","level":"\u001b[32minfo\u001b[39m","message":"Connected to MongoDB","timestamp":"2025-07-05T10:09:48.439Z"}
{"api":"NODE SERVER","label":"Uygulama V1","level":"\u001b[32minfo\u001b[39m","message":"Connected to MongoDB","timestamp":"2025-07-05T10:09:56.848Z"}
{"api":"NODE SERVER","label":"Uygulama V1","level":"\u001b[32minfo\u001b[39m","message":"Connected to MongoDB","timestamp":"2025-07-05T10:10:00.187Z"}
{"api":"NODE SERVER","label":"Uygulama V1","level":"\u001b[32minfo\u001b[39m","message":"Connected to MongoDB","timestamp":"2025-07-05T10:10:12.028Z"}
{"api":"NODE SERVER","label":"Uygulama V1","level":"\u001b[32minfo\u001b[39m","message":"Connected to MongoDB","timestamp":"2025-07-05T10:10:32.207Z"}
{"api":"NODE SERVER","label":"Uygulama V1","level":"\u001b[32minfo\u001b[39m","message":"Connected to MongoDB","timestamp":"2025-07-05T10:10:37.473Z"}
{"api":"NODE SERVER","label":"Uygulama V1","level":"\u001b[32minfo\u001b[39m","message":"Connected to MongoDB","timestamp":"2025-07-05T10:10:52.551Z"}
{"api":"NODE SERVER","label":"Uygulama V1","level":"\u001b[32minfo\u001b[39m","message":"IP Adresi : ::1 - PATH : /api/v1/title/delete - BODY : [object Object] - PARAMS : {} - QUERY : {\"id\":\"6867922614978f43490cf973\"} - MIDDLEWARE ACCESS TIME : function now() { [native code] } - URL : /api/v1/title/delete?id=6867922614978f43490cf973","timestamp":"2025-07-05T10:12:49.537Z"}
{"api":"NODE SERVER","label":"Uygulama V1","level":"\u001b[32minfo\u001b[39m","message":"Connected to MongoDB","timestamp":"2025-07-05T10:13:47.077Z"}
{"api":"NODE SERVER","label":"Uygulama V1","level":"\u001b[32minfo\u001b[39m","message":"IP Adresi : ::1 - PATH : /api/v1/title/delete/6867922614978f43490cf973 - BODY : [object Object] - PARAMS : {} - QUERY : {} - MIDDLEWARE ACCESS TIME : function now() { [native code] } - URL : /api/v1/title/delete/6867922614978f43490cf973","timestamp":"2025-07-05T10:13:58.103Z"}
{"api":"NODE SERVER","label":"Uygulama V1","level":"\u001b[31merror\u001b[39m","message":"IP Adresi : ::1 - PATH : /delete/6867922614978f43490cf973 - BODY : {\"name\":\"Sıtkı\",\"surname\":\"Dağcı\",\"birthDate\":\"538570800000\",\"gender\":\"E\",\"salary\":\"50000\",\"tcNumber\":\"24191060216\",\"email\":\"sıtkı@mail.com\",\"password\":\"12345678\",\"country\":\"Turkey\",\"city\":\"Ankara\",\"company\":\"686661e2eed95597fc3689cc\",\"title\":\"6867922614978f43490cf973\"} - PARAMS : {\"id\":\"6867922614978f43490cf973\"} - QUERY : {} - ERROR TİME : 1751710438125 - URL : /delete/6867922614978f43490cf973 - ERROR MESSAGE : TypeError: personDal.deleteMultiple is not a function - ERROR CALLSTACK : {}- CUSTOM-INFO : undefined","timestamp":"2025-07-05T10:13:58.125Z"}
{"api":"NODE SERVER","label":"Uygulama V1","level":"\u001b[32minfo\u001b[39m","message":"Connected to MongoDB","timestamp":"2025-07-05T10:14:26.893Z"}
{"api":"NODE SERVER","label":"Uygulama V1","level":"\u001b[32minfo\u001b[39m","message":"IP Adresi : ::1 - PATH : /api/v1/title/delete/6867922e14978f43490cf975 - BODY : [object Object] - PARAMS : {} - QUERY : {} - MIDDLEWARE ACCESS TIME : function now() { [native code] } - URL : /api/v1/title/delete/6867922e14978f43490cf975","timestamp":"2025-07-05T10:16:08.556Z"}
{"api":"NODE SERVER","label":"Uygulama V1","level":"\u001b[32minfo\u001b[39m","message":"Connected to MongoDB","timestamp":"2025-07-05T10:16:18.412Z"}
{"api":"NODE SERVER","label":"Uygulama V1","level":"\u001b[32minfo\u001b[39m","message":"IP Adresi : ::1 - PATH : /api/v1/title/delete/6867922e14978f43490cf975 - BODY : [object Object] - PARAMS : {} - QUERY : {} - MIDDLEWARE ACCESS TIME : function now() { [native code] } - URL : /api/v1/title/delete/6867922e14978f43490cf975","timestamp":"2025-07-05T10:16:21.076Z"}
{"api":"NODE SERVER","label":"Uygulama V1","level":"\u001b[32minfo\u001b[39m","message":"Connected to MongoDB","timestamp":"2025-07-05T10:17:13.217Z"}
{"api":"NODE SERVER","label":"Uygulama V1","level":"\u001b[32minfo\u001b[39m","message":"IP Adresi : ::1 - PATH : /api/v1/person/create - BODY : [object Object] - PARAMS : {} - QUERY : {} - MIDDLEWARE ACCESS TIME : function now() { [native code] } - URL : /api/v1/person/create","timestamp":"2025-07-05T10:18:45.034Z"}
{"api":"NODE SERVER","label":"Uygulama V1","level":"\u001b[32minfo\u001b[39m","message":"IP Adresi : ::1 - PATH : /api/v1/person/create - BODY : [object Object] - PARAMS : {} - QUERY : {} - MIDDLEWARE ACCESS TIME : function now() { [native code] } - URL : /api/v1/person/create","timestamp":"2025-07-05T10:18:58.931Z"}
{"api":"NODE SERVER","label":"Uygulama V1","level":"\u001b[32minfo\u001b[39m","message":"IP Adresi : ::1 - PATH : /api/v1/person/create - BODY : [object Object] - PARAMS : {} - QUERY : {} - MIDDLEWARE ACCESS TIME : function now() { [native code] } - URL : /api/v1/person/create","timestamp":"2025-07-05T10:19:44.984Z"}
{"api":"NODE SERVER","label":"Uygulama V1","level":"\u001b[32minfo\u001b[39m","message":"IP Adresi : ::1 - PATH : /api/v1/title/delete/6867923614978f43490cf977 - BODY : [object Object] - PARAMS : {} - QUERY : {} - MIDDLEWARE ACCESS TIME : function now() { [native code] } - URL : /api/v1/title/delete/6867923614978f43490cf977","timestamp":"2025-07-05T10:20:30.160Z"}
{"api":"NODE SERVER","label":"Uygulama V1","level":"\u001b[32minfo\u001b[39m","message":"Connected to MongoDB","timestamp":"2025-07-05T10:23:50.840Z"}
{"api":"NODE SERVER","label":"Uygulama V1","level":"\u001b[32minfo\u001b[39m","message":"IP Adresi : ::1 - PATH : /api/v1/title/create - BODY : [object Object] - PARAMS : {} - QUERY : {} - MIDDLEWARE ACCESS TIME : function now() { [native code] } - URL : /api/v1/title/create","timestamp":"2025-07-05T10:25:41.395Z"}
{"api":"NODE SERVER","label":"Uygulama V1","level":"\u001b[32minfo\u001b[39m","message":"IP Adresi : ::1 - PATH : /api/v1/title/create - BODY : [object Object] - PARAMS : {} - QUERY : {} - MIDDLEWARE ACCESS TIME : function now() { [native code] } - URL : /api/v1/title/create","timestamp":"2025-07-05T10:25:49.539Z"}
{"api":"NODE SERVER","label":"Uygulama V1","level":"\u001b[32minfo\u001b[39m","message":"IP Adresi : ::1 - PATH : /api/v1/title/create - BODY : [object Object] - PARAMS : {} - QUERY : {} - MIDDLEWARE ACCESS TIME : function now() { [native code] } - URL : /api/v1/title/create","timestamp":"2025-07-05T10:25:56.610Z"}
{"api":"NODE SERVER","label":"Uygulama V1","level":"\u001b[32minfo\u001b[39m","message":"IP Adresi : ::1 - PATH : /api/v1/person/create - BODY : [object Object] - PARAMS : {} - QUERY : {} - MIDDLEWARE ACCESS TIME : function now() { [native code] } - URL : /api/v1/person/create","timestamp":"2025-07-05T10:27:08.729Z"}
{"api":"NODE SERVER","label":"Uygulama V1","level":"\u001b[32minfo\u001b[39m","message":"IP Adresi : ::1 - PATH : /api/v1/title/delete/6868fdb4b51dfbeb0142f4d9 - BODY : [object Object] - PARAMS : {} - QUERY : {} - MIDDLEWARE ACCESS TIME : function now() { [native code] } - URL : /api/v1/title/delete/6868fdb4b51dfbeb0142f4d9","timestamp":"2025-07-05T10:27:47.238Z"}
{"api":"NODE SERVER","label":"Uygulama V1","level":"\u001b[32minfo\u001b[39m","message":"Connected to MongoDB","timestamp":"2025-07-05T10:37:27.050Z"}
{"api":"NODE SERVER","label":"Uygulama V1","level":"\u001b[32minfo\u001b[39m","message":"Connected to MongoDB","timestamp":"2025-07-05T10:37:38.480Z"}
{"api":"NODE SERVER","label":"Uygulama V1","level":"\u001b[32minfo\u001b[39m","message":"Connected to MongoDB","timestamp":"2025-07-05T10:38:08.783Z"}
{"api":"NODE SERVER","label":"Uygulama V1","level":"\u001b[32minfo\u001b[39m","message":"Connected to MongoDB","timestamp":"2025-07-05T10:39:12.051Z"}
{"api":"NODE SERVER","label":"Uygulama V1","level":"\u001b[32minfo\u001b[39m","message":"IP Adresi : ::1 - PATH : /api/v1/title/delete/all - BODY : [object Object] - PARAMS : {} - QUERY : {} - MIDDLEWARE ACCESS TIME : function now() { [native code] } - URL : /api/v1/title/delete/all","timestamp":"2025-07-05T10:39:24.143Z"}
{"api":"NODE SERVER","label":"Uygulama V1","level":"\u001b[32minfo\u001b[39m","message":"IP Adresi : ::1 - PATH : /api/v1/title/all - BODY : [object Object] - PARAMS : {} - QUERY : {} - MIDDLEWARE ACCESS TIME : function now() { [native code] } - URL : /api/v1/title/all","timestamp":"2025-07-05T10:39:32.644Z"}
{"api":"NODE SERVER","label":"Uygulama V1","level":"\u001b[32minfo\u001b[39m","message":"Connected to MongoDB","timestamp":"2025-07-05T10:40:35.672Z"}
{"api":"NODE SERVER","label":"Uygulama V1","level":"\u001b[32minfo\u001b[39m","message":"IP Adresi : ::1 - PATH : /api/v1/title/all - BODY : [object Object] - PARAMS : {} - QUERY : {} - MIDDLEWARE ACCESS TIME : function now() { [native code] } - URL : /api/v1/title/all","timestamp":"2025-07-05T10:40:39.024Z"}
{"api":"NODE SERVER","label":"Uygulama V1","level":"\u001b[32minfo\u001b[39m","message":"Connected to MongoDB","timestamp":"2025-07-05T10:42:18.289Z"}
{"api":"NODE SERVER","label":"Uygulama V1","level":"\u001b[32minfo\u001b[39m","message":"Connected to MongoDB","timestamp":"2025-07-05T10:42:21.703Z"}
{"api":"NODE SERVER","label":"Uygulama V1","level":"\u001b[32minfo\u001b[39m","message":"Connected to MongoDB","timestamp":"2025-07-05T10:42:23.632Z"}
{"api":"NODE SERVER","label":"Uygulama V1","level":"\u001b[32minfo\u001b[39m","message":"Connected to MongoDB","timestamp":"2025-07-05T10:42:27.651Z"}
{"api":"NODE SERVER","label":"Uygulama V1","level":"\u001b[32minfo\u001b[39m","message":"Connected to MongoDB","timestamp":"2025-07-05T10:42:30.942Z"}
{"api":"NODE SERVER","label":"Uygulama V1","level":"\u001b[32minfo\u001b[39m","message":"Connected to MongoDB","timestamp":"2025-07-05T10:42:33.938Z"}
{"api":"NODE SERVER","label":"Uygulama V1","level":"\u001b[32minfo\u001b[39m","message":"Connected to MongoDB","timestamp":"2025-07-05T10:42:36.453Z"}
{"api":"NODE SERVER","label":"Uygulama V1","level":"\u001b[32minfo\u001b[39m","message":"IP Adresi : ::1 - PATH : /api/v1/title/all - BODY : [object Object] - PARAMS : {} - QUERY : {} - MIDDLEWARE ACCESS TIME : function now() { [native code] } - URL : /api/v1/title/all","timestamp":"2025-07-05T10:42:39.787Z"}
{"api":"NODE SERVER","label":"Uygulama V1","level":"\u001b[32minfo\u001b[39m","message":"Connected to MongoDB","timestamp":"2025-07-05T10:44:49.718Z"}
{"api":"NODE SERVER","label":"Uygulama V1","level":"\u001b[32minfo\u001b[39m","message":"Connected to MongoDB","timestamp":"2025-07-05T10:45:28.681Z"}
{"api":"NODE SERVER","label":"Uygulama V1","level":"\u001b[32minfo\u001b[39m","message":"Connected to MongoDB","timestamp":"2025-07-05T10:46:10.906Z"}
{"api":"NODE SERVER","label":"Uygulama V1","level":"\u001b[32minfo\u001b[39m","message":"Connected to MongoDB","timestamp":"2025-07-05T10:49:57.665Z"}
{"api":"NODE SERVER","label":"Uygulama V1","level":"\u001b[32minfo\u001b[39m","message":"Connected to MongoDB","timestamp":"2025-07-05T10:50:01.366Z"}
{"api":"NODE SERVER","label":"Uygulama V1","level":"\u001b[32minfo\u001b[39m","message":"IP Adresi : ::1 - PATH : /api/v1/person/create - BODY : [object Object] - PARAMS : {} - QUERY : {} - MIDDLEWARE ACCESS TIME : function now() { [native code] } - URL : /api/v1/person/create","timestamp":"2025-07-05T10:50:03.738Z"}
{"api":"NODE SERVER","label":"Uygulama V1","level":"\u001b[31merror\u001b[39m","message":"IP Adresi : ::1 - PATH : /create - BODY : {\"name\":\"Sıtkı\",\"surname\":\"Dağcı\",\"birthDate\":\"538570800000\",\"gender\":\"E\",\"salary\":\"50000\",\"tcNumber\":\"24191060216\",\"email\":\"sıtkı@mail.com\",\"password\":\"12345678\",\"country\":\"Turkey\",\"city\":\"Ankara\",\"company\":\"686661e2eed95597fc3689cc\",\"title\":\"6868fdb4b51dfbeb0142f4d9\"} - PARAMS : {} - QUERY : {} - ERROR TİME : 1751712603834 - URL : /create - ERROR MESSAGE : TypeError: Cannot read properties of null (reading 'persons') - ERROR CALLSTACK : {}- CUSTOM-INFO : undefined","timestamp":"2025-07-05T10:50:03.834Z"}
{"api":"NODE SERVER","label":"Uygulama V1","level":"\u001b[32minfo\u001b[39m","message":"IP Adresi : ::1 - PATH : /api/v1/person/create - BODY : [object Object] - PARAMS : {} - QUERY : {} - MIDDLEWARE ACCESS TIME : function now() { [native code] } - URL : /api/v1/person/create","timestamp":"2025-07-05T10:50:23.863Z"}
{"api":"NODE SERVER","label":"Uygulama V1","level":"\u001b[32minfo\u001b[39m","message":"IP Adresi : ::1 - PATH : /api/v1/person/create - BODY : [object Object] - PARAMS : {} - QUERY : {} - MIDDLEWARE ACCESS TIME : function now() { [native code] } - URL : /api/v1/person/create","timestamp":"2025-07-05T10:51:29.492Z"}
{"api":"NODE SERVER","label":"Uygulama V1","level":"\u001b[32minfo\u001b[39m","message":"Connected to MongoDB","timestamp":"2025-07-05T10:51:58.891Z"}
{"api":"NODE SERVER","label":"Uygulama V1","level":"\u001b[32minfo\u001b[39m","message":"Connected to MongoDB","timestamp":"2025-07-05T10:53:34.487Z"}
{"api":"NODE SERVER","label":"Uygulama V1","level":"\u001b[32minfo\u001b[39m","message":"Connected to MongoDB","timestamp":"2025-07-05T10:53:39.501Z"}
{"api":"NODE SERVER","label":"Uygulama V1","level":"\u001b[32minfo\u001b[39m","message":"Connected to MongoDB","timestamp":"2025-07-05T10:53:41.421Z"}
{"api":"NODE SERVER","label":"Uygulama V1","level":"\u001b[32minfo\u001b[39m","message":"Connected to MongoDB","timestamp":"2025-07-05T10:53:43.210Z"}
{"api":"NODE SERVER","label":"Uygulama V1","level":"\u001b[32minfo\u001b[39m","message":"Connected to MongoDB","timestamp":"2025-07-05T10:56:30.977Z"}
{"api":"NODE SERVER","label":"Uygulama V1","level":"\u001b[32minfo\u001b[39m","message":"Connected to MongoDB","timestamp":"2025-07-05T10:56:33.586Z"}
{"api":"NODE SERVER","label":"Uygulama V1","level":"\u001b[32minfo\u001b[39m","message":"IP Adresi : ::1 - PATH : /api/v1/person/signIn - BODY : [object Object] - PARAMS : {} - QUERY : {} - MIDDLEWARE ACCESS TIME : function now() { [native code] } - URL : /api/v1/person/signIn","timestamp":"2025-07-05T10:57:53.697Z"}
{"api":"NODE SERVER","label":"Uygulama V1","level":"\u001b[32minfo\u001b[39m","message":"IP Adresi : ::1 - PATH : /api/v1/person/signIn - BODY : [object Object] - PARAMS : {} - QUERY : {} - MIDDLEWARE ACCESS TIME : function now() { [native code] } - URL : /api/v1/person/signIn","timestamp":"2025-07-05T10:59:36.732Z"}
{"api":"NODE SERVER","label":"Uygulama V1","level":"\u001b[32minfo\u001b[39m","message":"IP Adresi : ::1 - PATH : /api/v1/person/signIn - BODY : [object Object] - PARAMS : {} - QUERY : {} - MIDDLEWARE ACCESS TIME : function now() { [native code] } - URL : /api/v1/person/signIn","timestamp":"2025-07-05T11:00:00.156Z"}
{"api":"NODE SERVER","label":"Uygulama V1","level":"\u001b[32minfo\u001b[39m","message":"Connected to MongoDB","timestamp":"2025-07-05T11:16:35.564Z"}
{"api":"NODE SERVER","label":"Uygulama V1","level":"\u001b[32minfo\u001b[39m","message":"Connected to MongoDB","timestamp":"2025-07-05T11:16:37.855Z"}
{"api":"NODE SERVER","label":"Uygulama V1","level":"\u001b[32minfo\u001b[39m","message":"IP Adresi : ::1 - PATH : /api/v1/person/signIn - BODY : [object Object] - PARAMS : {} - QUERY : {} - MIDDLEWARE ACCESS TIME : function now() { [native code] } - URL : /api/v1/person/signIn","timestamp":"2025-07-05T11:16:47.148Z"}
{"api":"NODE SERVER","label":"Uygulama V1","level":"\u001b[32minfo\u001b[39m","message":"Connected to MongoDB","timestamp":"2025-07-05T11:17:18.613Z"}
{"api":"NODE SERVER","label":"Uygulama V1","level":"\u001b[32minfo\u001b[39m","message":"Connected to MongoDB","timestamp":"2025-07-05T11:22:32.707Z"}
{"api":"NODE SERVER","label":"Uygulama V1","level":"\u001b[32minfo\u001b[39m","message":"Connected to MongoDB","timestamp":"2025-07-05T11:22:35.143Z"}
{"api":"NODE SERVER","label":"Uygulama V1","level":"\u001b[32minfo\u001b[39m","message":"Connected to MongoDB","timestamp":"2025-07-05T11:22:44.086Z"}
{"api":"NODE SERVER","label":"Uygulama V1","level":"\u001b[32minfo\u001b[39m","message":"IP Adresi : ::1 - PATH : /api/v1/person/signIn - BODY : [object Object] - PARAMS : {} - QUERY : {} - MIDDLEWARE ACCESS TIME : function now() { [native code] } - URL : /api/v1/person/signIn","timestamp":"2025-07-05T11:22:48.630Z"}
{"api":"NODE SERVER","label":"Uygulama V1","level":"\u001b[32minfo\u001b[39m","message":"IP Adresi : ::1 - PATH : /api/v1/person/signIn - BODY : [object Object] - PARAMS : {} - QUERY : {} - MIDDLEWARE ACCESS TIME : function now() { [native code] } - URL : /api/v1/person/signIn","timestamp":"2025-07-05T11:23:01.017Z"}
{"api":"NODE SERVER","label":"Uygulama V1","level":"\u001b[32minfo\u001b[39m","message":"Connected to MongoDB","timestamp":"2025-07-05T11:24:59.125Z"}
{"api":"NODE SERVER","label":"Uygulama V1","level":"\u001b[32minfo\u001b[39m","message":"IP Adresi : ::1 - PATH : /api/v1/person/signIn - BODY : [object Object] - PARAMS : {} - QUERY : {} - MIDDLEWARE ACCESS TIME : function now() { [native code] } - URL : /api/v1/person/signIn","timestamp":"2025-07-05T11:25:03.899Z"}
{"api":"NODE SERVER","label":"Uygulama V1","level":"\u001b[32minfo\u001b[39m","message":"IP Adresi : ::1 - PATH : /api/v1/person/all - BODY : [object Object] - PARAMS : {} - QUERY : {} - MIDDLEWARE ACCESS TIME : function now() { [native code] } - URL : /api/v1/person/all","timestamp":"2025-07-05T11:25:32.374Z"}
{"api":"NODE SERVER","label":"Uygulama V1","level":"\u001b[32minfo\u001b[39m","message":"IP Adresi : ::1 - PATH : /api/v1/person/all - BODY : [object Object] - PARAMS : {} - QUERY : {} - MIDDLEWARE ACCESS TIME : function now() { [native code] } - URL : /api/v1/person/all","timestamp":"2025-07-05T11:25:45.373Z"}
